{"/Users/alex/Downloads/government-saas/src/services/notificationGenerationService.ts": {"path":"/Users/alex/Downloads/government-saas/src/services/notificationGenerationService.ts","statementMap":{"0":{"start":{"line":36,"column":0},"end":{"line":36,"column":22}},"1":{"start":{"line":156,"column":0},"end":{"line":156,"column":22}},"2":{"start":{"line":203,"column":0},"end":{"line":203,"column":22}},"3":{"start":{"line":245,"column":0},"end":{"line":245,"column":22}},"4":{"start":{"line":4,"column":0},"end":{"line":4,"column":69}},"5":{"start":{"line":37,"column":2},"end":{"line":147,"column":null}},"6":{"start":{"line":40,"column":2},"end":{"line":146,"column":3}},"7":{"start":{"line":48,"column":8},"end":{"line":48,"column":15}},"8":{"start":{"line":51,"column":55},"end":{"line":51,"column":57}},"9":{"start":{"line":53,"column":4},"end":{"line":59,"column":5}},"10":{"start":{"line":54,"column":6},"end":{"line":56,"column":7}},"11":{"start":{"line":55,"column":8},"end":{"line":55,"column":39}},"12":{"start":{"line":58,"column":6},"end":{"line":58,"column":44}},"13":{"start":{"line":61,"column":49},"end":{"line":61,"column":51}},"14":{"start":{"line":64,"column":4},"end":{"line":139,"column":5}},"15":{"start":{"line":66,"column":25},"end":{"line":68,"column":37}},"16":{"start":{"line":67,"column":24},"end":{"line":67,"column":51}},"17":{"start":{"line":71,"column":6},"end":{"line":138,"column":7}},"18":{"start":{"line":72,"column":75},"end":{"line":72,"column":80}},"19":{"start":{"line":75,"column":26},"end":{"line":75,"column":28}},"20":{"start":{"line":77,"column":8},"end":{"line":81,"column":9}},"21":{"start":{"line":78,"column":10},"end":{"line":80,"column":34}},"22":{"start":{"line":84,"column":8},"end":{"line":111,"column":9}},"23":{"start":{"line":85,"column":26},"end":{"line":85,"column":28}},"24":{"start":{"line":88,"column":29},"end":{"line":88,"column":92}},"25":{"start":{"line":89,"column":10},"end":{"line":89,"column":44}},"26":{"start":{"line":92,"column":10},"end":{"line":94,"column":11}},"27":{"start":{"line":93,"column":12},"end":{"line":93,"column":55}},"28":{"start":{"line":97,"column":10},"end":{"line":99,"column":11}},"29":{"start":{"line":98,"column":12},"end":{"line":98,"column":64}},"30":{"start":{"line":102,"column":10},"end":{"line":104,"column":11}},"31":{"start":{"line":103,"column":12},"end":{"line":103,"column":51}},"32":{"start":{"line":107,"column":10},"end":{"line":110,"column":11}},"33":{"start":{"line":108,"column":12},"end":{"line":108,"column":53}},"34":{"start":{"line":109,"column":12},"end":{"line":109,"column":46}},"35":{"start":{"line":114,"column":8},"end":{"line":127,"column":9}},"36":{"start":{"line":115,"column":10},"end":{"line":115,"column":51}},"37":{"start":{"line":116,"column":10},"end":{"line":116,"column":37}},"38":{"start":{"line":118,"column":10},"end":{"line":120,"column":11}},"39":{"start":{"line":119,"column":12},"end":{"line":119,"column":66}},"40":{"start":{"line":122,"column":10},"end":{"line":124,"column":11}},"41":{"start":{"line":123,"column":12},"end":{"line":123,"column":69}},"42":{"start":{"line":126,"column":10},"end":{"line":126,"column":53}},"43":{"start":{"line":130,"column":8},"end":{"line":137,"column":11}},"44":{"start":{"line":141,"column":4},"end":{"line":141,"column":25}},"45":{"start":{"line":144,"column":4},"end":{"line":144,"column":60}},"46":{"start":{"line":145,"column":4},"end":{"line":145,"column":14}},"47":{"start":{"line":157,"column":2},"end":{"line":193,"column":null}},"48":{"start":{"line":160,"column":2},"end":{"line":192,"column":3}},"49":{"start":{"line":161,"column":17},"end":{"line":161,"column":18}},"50":{"start":{"line":162,"column":17},"end":{"line":162,"column":18}},"51":{"start":{"line":165,"column":4},"end":{"line":185,"column":5}},"52":{"start":{"line":167,"column":19},"end":{"line":167,"column":58}},"53":{"start":{"line":170,"column":21},"end":{"line":176,"column":null}},"54":{"start":{"line":179,"column":6},"end":{"line":184,"column":7}},"55":{"start":{"line":180,"column":8},"end":{"line":180,"column":17}},"56":{"start":{"line":182,"column":8},"end":{"line":182,"column":17}},"57":{"start":{"line":183,"column":8},"end":{"line":183,"column":69}},"58":{"start":{"line":187,"column":4},"end":{"line":187,"column":30}},"59":{"start":{"line":190,"column":4},"end":{"line":190,"column":57}},"60":{"start":{"line":191,"column":4},"end":{"line":191,"column":55}},"61":{"start":{"line":204,"column":2},"end":{"line":235,"column":null}},"62":{"start":{"line":208,"column":2},"end":{"line":234,"column":3}},"63":{"start":{"line":210,"column":4},"end":{"line":212,"column":5}},"64":{"start":{"line":211,"column":6},"end":{"line":211,"column":52}},"65":{"start":{"line":215,"column":26},"end":{"line":215,"column":71}},"66":{"start":{"line":218,"column":4},"end":{"line":220,"column":5}},"67":{"start":{"line":219,"column":6},"end":{"line":219,"column":52}},"68":{"start":{"line":223,"column":31},"end":{"line":223,"column":83}},"69":{"start":{"line":225,"column":4},"end":{"line":229,"column":6}},"70":{"start":{"line":232,"column":4},"end":{"line":232,"column":70}},"71":{"start":{"line":233,"column":4},"end":{"line":233,"column":50}},"72":{"start":{"line":246,"column":2},"end":{"line":280,"column":null}},"73":{"start":{"line":250,"column":2},"end":{"line":279,"column":3}},"74":{"start":{"line":251,"column":25},"end":{"line":251,"column":26}},"75":{"start":{"line":252,"column":22},"end":{"line":252,"column":23}},"76":{"start":{"line":253,"column":22},"end":{"line":253,"column":23}},"77":{"start":{"line":256,"column":4},"end":{"line":268,"column":5}},"78":{"start":{"line":257,"column":22},"end":{"line":257,"column":43}},"79":{"start":{"line":259,"column":21},"end":{"line":262,"column":null}},"80":{"start":{"line":265,"column":6},"end":{"line":265,"column":41}},"81":{"start":{"line":266,"column":6},"end":{"line":266,"column":35}},"82":{"start":{"line":267,"column":6},"end":{"line":267,"column":35}},"83":{"start":{"line":270,"column":4},"end":{"line":274,"column":6}},"84":{"start":{"line":277,"column":4},"end":{"line":277,"column":77}},"85":{"start":{"line":278,"column":4},"end":{"line":278,"column":50}}},"fnMap":{"0":{"name":"generateNotifications","decl":{"start":{"line":36,"column":22},"end":{"line":36,"column":43}},"loc":{"start":{"line":36,"column":43},"end":{"line":147,"column":null}}},"1":{"name":"(anonymous_8)","decl":{"start":{"line":37,"column":2},"end":{"line":37,"column":24}},"loc":{"start":{"line":38,"column":45},"end":{"line":147,"column":1}}},"2":{"name":"(anonymous_9)","decl":{"start":{"line":67,"column":14},"end":{"line":67,"column":15}},"loc":{"start":{"line":67,"column":24},"end":{"line":67,"column":51}}},"3":{"name":"queueNotifications","decl":{"start":{"line":156,"column":22},"end":{"line":156,"column":40}},"loc":{"start":{"line":156,"column":40},"end":{"line":193,"column":null}}},"4":{"name":"(anonymous_11)","decl":{"start":{"line":157,"column":2},"end":{"line":157,"column":38}},"loc":{"start":{"line":158,"column":57},"end":{"line":193,"column":1}}},"5":{"name":"processMatchesIntoNotifications","decl":{"start":{"line":203,"column":22},"end":{"line":203,"column":53}},"loc":{"start":{"line":203,"column":53},"end":{"line":235,"column":null}}},"6":{"name":"(anonymous_13)","decl":{"start":{"line":204,"column":2},"end":{"line":204,"column":24}},"loc":{"start":{"line":206,"column":45},"end":{"line":235,"column":1}}},"7":{"name":"processGroupedMatchesIntoNotifications","decl":{"start":{"line":245,"column":22},"end":{"line":245,"column":60}},"loc":{"start":{"line":245,"column":60},"end":{"line":280,"column":null}}},"8":{"name":"(anonymous_15)","decl":{"start":{"line":246,"column":2},"end":{"line":246,"column":46}},"loc":{"start":{"line":248,"column":45},"end":{"line":280,"column":1}}}},"branchMap":{"0":{"loc":{"start":{"line":38,"column":2},"end":{"line":38,"column":45}},"type":"default-arg","locations":[{"start":{"line":38,"column":43},"end":{"line":38,"column":45}}]},"1":{"loc":{"start":{"line":43,"column":6},"end":{"line":43,"column":31}},"type":"default-arg","locations":[{"start":{"line":43,"column":27},"end":{"line":43,"column":31}}]},"2":{"loc":{"start":{"line":44,"column":6},"end":{"line":44,"column":32}},"type":"default-arg","locations":[{"start":{"line":44,"column":29},"end":{"line":44,"column":32}}]},"3":{"loc":{"start":{"line":45,"column":6},"end":{"line":45,"column":34}},"type":"default-arg","locations":[{"start":{"line":45,"column":30},"end":{"line":45,"column":34}}]},"4":{"loc":{"start":{"line":46,"column":6},"end":{"line":46,"column":28}},"type":"default-arg","locations":[{"start":{"line":46,"column":27},"end":{"line":46,"column":28}}]},"5":{"loc":{"start":{"line":47,"column":6},"end":{"line":47,"column":29}},"type":"default-arg","locations":[{"start":{"line":47,"column":25},"end":{"line":47,"column":29}}]},"6":{"loc":{"start":{"line":54,"column":6},"end":{"line":56,"column":7}},"type":"if","locations":[{"start":{"line":54,"column":6},"end":{"line":56,"column":7}}]},"7":{"loc":{"start":{"line":77,"column":8},"end":{"line":81,"column":9}},"type":"if","locations":[{"start":{"line":77,"column":8},"end":{"line":81,"column":9}}]},"8":{"loc":{"start":{"line":77,"column":12},"end":{"line":77,"column":53}},"type":"binary-expr","locations":[{"start":{"line":77,"column":12},"end":{"line":77,"column":30}},{"start":{"line":77,"column":34},"end":{"line":77,"column":53}}]},"9":{"loc":{"start":{"line":78,"column":24},"end":{"line":80,"column":33}},"type":"cond-expr","locations":[{"start":{"line":79,"column":14},"end":{"line":79,"column":76}},{"start":{"line":80,"column":14},"end":{"line":80,"column":33}}]},"10":{"loc":{"start":{"line":84,"column":8},"end":{"line":111,"column":9}},"type":"if","locations":[{"start":{"line":84,"column":8},"end":{"line":111,"column":9}}]},"11":{"loc":{"start":{"line":88,"column":29},"end":{"line":88,"column":92}},"type":"binary-expr","locations":[{"start":{"line":88,"column":29},"end":{"line":88,"column":66}},{"start":{"line":88,"column":70},"end":{"line":88,"column":84}},{"start":{"line":88,"column":88},"end":{"line":88,"column":92}}]},"12":{"loc":{"start":{"line":88,"column":29},"end":{"line":88,"column":66}},"type":"cond-expr","locations":[{"start":{"line":88,"column":54},"end":{"line":88,"column":56}},{"start":{"line":88,"column":54},"end":{"line":88,"column":66}}]},"13":{"loc":{"start":{"line":88,"column":29},"end":{"line":88,"column":56}},"type":"binary-expr","locations":[{"start":{"line":88,"column":29},"end":{"line":88,"column":56}},{"start":{"line":88,"column":54},"end":{"line":88,"column":56}}]},"14":{"loc":{"start":{"line":92,"column":10},"end":{"line":94,"column":11}},"type":"if","locations":[{"start":{"line":92,"column":10},"end":{"line":94,"column":11}}]},"15":{"loc":{"start":{"line":97,"column":10},"end":{"line":99,"column":11}},"type":"if","locations":[{"start":{"line":97,"column":10},"end":{"line":99,"column":11}}]},"16":{"loc":{"start":{"line":102,"column":10},"end":{"line":104,"column":11}},"type":"if","locations":[{"start":{"line":102,"column":10},"end":{"line":104,"column":11}}]},"17":{"loc":{"start":{"line":107,"column":10},"end":{"line":110,"column":11}},"type":"if","locations":[{"start":{"line":107,"column":10},"end":{"line":110,"column":11}}]},"18":{"loc":{"start":{"line":108,"column":27},"end":{"line":108,"column":52}},"type":"cond-expr","locations":[{"start":{"line":108,"column":41},"end":{"line":108,"column":47}},{"start":{"line":108,"column":50},"end":{"line":108,"column":52}}]},"19":{"loc":{"start":{"line":114,"column":8},"end":{"line":127,"column":9}},"type":"if","locations":[{"start":{"line":114,"column":8},"end":{"line":127,"column":9}}]},"20":{"loc":{"start":{"line":114,"column":12},"end":{"line":114,"column":91}},"type":"binary-expr","locations":[{"start":{"line":114,"column":12},"end":{"line":114,"column":28}},{"start":{"line":114,"column":33},"end":{"line":114,"column":58}},{"start":{"line":114,"column":62},"end":{"line":114,"column":90}}]},"21":{"loc":{"start":{"line":115,"column":25},"end":{"line":115,"column":50}},"type":"cond-expr","locations":[{"start":{"line":115,"column":39},"end":{"line":115,"column":45}},{"start":{"line":115,"column":48},"end":{"line":115,"column":50}}]},"22":{"loc":{"start":{"line":118,"column":10},"end":{"line":120,"column":11}},"type":"if","locations":[{"start":{"line":118,"column":10},"end":{"line":120,"column":11}}]},"23":{"loc":{"start":{"line":122,"column":10},"end":{"line":124,"column":11}},"type":"if","locations":[{"start":{"line":122,"column":10},"end":{"line":124,"column":11}}]},"24":{"loc":{"start":{"line":135,"column":22},"end":{"line":135,"column":107}},"type":"binary-expr","locations":[{"start":{"line":135,"column":22},"end":{"line":135,"column":44}},{"start":{"line":135,"column":48},"end":{"line":135,"column":107}}]},"25":{"loc":{"start":{"line":158,"column":2},"end":{"line":158,"column":57}},"type":"default-arg","locations":[{"start":{"line":158,"column":44},"end":{"line":158,"column":57}}]},"26":{"loc":{"start":{"line":167,"column":19},"end":{"line":167,"column":58}},"type":"binary-expr","locations":[{"start":{"line":167,"column":19},"end":{"line":167,"column":30}},{"start":{"line":167,"column":34},"end":{"line":167,"column":58}}]},"27":{"loc":{"start":{"line":179,"column":6},"end":{"line":184,"column":7}},"type":"if","locations":[{"start":{"line":179,"column":6},"end":{"line":184,"column":7}},{"start":{"line":181,"column":13},"end":{"line":184,"column":7}}]},"28":{"loc":{"start":{"line":205,"column":2},"end":{"line":205,"column":57}},"type":"default-arg","locations":[{"start":{"line":205,"column":44},"end":{"line":205,"column":57}}]},"29":{"loc":{"start":{"line":206,"column":2},"end":{"line":206,"column":45}},"type":"default-arg","locations":[{"start":{"line":206,"column":43},"end":{"line":206,"column":45}}]},"30":{"loc":{"start":{"line":210,"column":4},"end":{"line":212,"column":5}},"type":"if","locations":[{"start":{"line":210,"column":4},"end":{"line":212,"column":5}}]},"31":{"loc":{"start":{"line":210,"column":8},"end":{"line":210,"column":40}},"type":"binary-expr","locations":[{"start":{"line":210,"column":8},"end":{"line":210,"column":16}},{"start":{"line":210,"column":20},"end":{"line":210,"column":40}}]},"32":{"loc":{"start":{"line":218,"column":4},"end":{"line":220,"column":5}},"type":"if","locations":[{"start":{"line":218,"column":4},"end":{"line":220,"column":5}}]},"33":{"loc":{"start":{"line":247,"column":2},"end":{"line":247,"column":57}},"type":"default-arg","locations":[{"start":{"line":247,"column":44},"end":{"line":247,"column":57}}]},"34":{"loc":{"start":{"line":248,"column":2},"end":{"line":248,"column":45}},"type":"default-arg","locations":[{"start":{"line":248,"column":43},"end":{"line":248,"column":45}}]}},"s":{"0":0,"1":0,"2":0,"3":0,"4":0,"5":0,"6":0,"7":0,"8":0,"9":0,"10":0,"11":0,"12":0,"13":0,"14":0,"15":0,"16":0,"17":0,"18":0,"19":0,"20":0,"21":0,"22":0,"23":0,"24":0,"25":0,"26":0,"27":0,"28":0,"29":0,"30":0,"31":0,"32":0,"33":0,"34":0,"35":0,"36":0,"37":0,"38":0,"39":0,"40":0,"41":0,"42":0,"43":0,"44":0,"45":0,"46":0,"47":0,"48":0,"49":0,"50":0,"51":0,"52":0,"53":0,"54":0,"55":0,"56":0,"57":0,"58":0,"59":0,"60":0,"61":0,"62":0,"63":0,"64":0,"65":0,"66":0,"67":0,"68":0,"69":0,"70":0,"71":0,"72":0,"73":0,"74":0,"75":0,"76":0,"77":0,"78":0,"79":0,"80":0,"81":0,"82":0,"83":0,"84":0,"85":0},"f":{"0":0,"1":0,"2":0,"3":0,"4":0,"5":0,"6":0,"7":0,"8":0},"b":{"0":[0],"1":[0],"2":[0],"3":[0],"4":[0],"5":[0],"6":[0],"7":[0],"8":[0,0],"9":[0,0],"10":[0],"11":[0,0,0],"12":[0,0],"13":[0,0],"14":[0],"15":[0],"16":[0],"17":[0],"18":[0,0],"19":[0],"20":[0,0,0],"21":[0,0],"22":[0],"23":[0],"24":[0,0],"25":[0],"26":[0,0],"27":[0,0],"28":[0],"29":[0],"30":[0],"31":[0,0],"32":[0],"33":[0],"34":[0]}}
,"/Users/alex/Downloads/government-saas/src/services/notificationMatchingService.ts": {"path":"/Users/alex/Downloads/government-saas/src/services/notificationMatchingService.ts","statementMap":{"0":{"start":{"line":37,"column":0},"end":{"line":37,"column":22}},"1":{"start":{"line":215,"column":0},"end":{"line":215,"column":22}},"2":{"start":{"line":248,"column":0},"end":{"line":248,"column":22}},"3":{"start":{"line":283,"column":0},"end":{"line":283,"column":22}},"4":{"start":{"line":1,"column":0},"end":{"line":1,"column":38}},"5":{"start":{"line":38,"column":2},"end":{"line":210,"column":null}},"6":{"start":{"line":43,"column":2},"end":{"line":209,"column":3}},"7":{"start":{"line":50,"column":8},"end":{"line":50,"column":14}},"8":{"start":{"line":53,"column":19},"end":{"line":53,"column":31}},"9":{"start":{"line":54,"column":4},"end":{"line":80,"column":5}},"10":{"start":{"line":55,"column":30},"end":{"line":59,"column":17}},"11":{"start":{"line":61,"column":6},"end":{"line":64,"column":7}},"12":{"start":{"line":62,"column":8},"end":{"line":62,"column":75}},"13":{"start":{"line":63,"column":8},"end":{"line":63,"column":18}},"14":{"start":{"line":66,"column":6},"end":{"line":79,"column":8}},"15":{"start":{"line":83,"column":53},"end":{"line":83,"column":55}},"16":{"start":{"line":85,"column":4},"end":{"line":97,"column":5}},"17":{"start":{"line":86,"column":30},"end":{"line":89,"column":30}},"18":{"start":{"line":91,"column":6},"end":{"line":96,"column":7}},"19":{"start":{"line":92,"column":8},"end":{"line":95,"column":42}},"20":{"start":{"line":93,"column":10},"end":{"line":93,"column":50}},"21":{"start":{"line":94,"column":10},"end":{"line":94,"column":21}},"22":{"start":{"line":100,"column":24},"end":{"line":100,"column":46}},"23":{"start":{"line":101,"column":27},"end":{"line":101,"column":52}},"24":{"start":{"line":104,"column":4},"end":{"line":107,"column":5}},"25":{"start":{"line":105,"column":6},"end":{"line":105,"column":78}},"26":{"start":{"line":106,"column":6},"end":{"line":106,"column":16}},"27":{"start":{"line":110,"column":35},"end":{"line":110,"column":37}},"28":{"start":{"line":112,"column":4},"end":{"line":201,"column":5}},"29":{"start":{"line":114,"column":6},"end":{"line":125,"column":7}},"30":{"start":{"line":115,"column":8},"end":{"line":123,"column":11}},"31":{"start":{"line":124,"column":8},"end":{"line":124,"column":17}},"32":{"start":{"line":128,"column":24},"end":{"line":128,"column":25}},"33":{"start":{"line":129,"column":39},"end":{"line":129,"column":41}},"34":{"start":{"line":131,"column":6},"end":{"line":157,"column":7}},"35":{"start":{"line":133,"column":31},"end":{"line":133,"column":62}},"36":{"start":{"line":134,"column":8},"end":{"line":136,"column":9}},"37":{"start":{"line":135,"column":10},"end":{"line":135,"column":46}},"38":{"start":{"line":139,"column":8},"end":{"line":153,"column":9}},"39":{"start":{"line":140,"column":10},"end":{"line":140,"column":28}},"40":{"start":{"line":141,"column":10},"end":{"line":141,"column":36}},"41":{"start":{"line":144,"column":34},"end":{"line":145,"column":null}},"42":{"start":{"line":145,"column":12},"end":{"line":145,"column":74}},"43":{"start":{"line":145,"column":46},"end":{"line":145,"column":73}},"44":{"start":{"line":148,"column":10},"end":{"line":148,"column":50}},"45":{"start":{"line":150,"column":10},"end":{"line":152,"column":11}},"46":{"start":{"line":151,"column":12},"end":{"line":151,"column":78}},"47":{"start":{"line":156,"column":8},"end":{"line":156,"column":26}},"48":{"start":{"line":160,"column":26},"end":{"line":160,"column":27}},"49":{"start":{"line":161,"column":42},"end":{"line":161,"column":44}},"50":{"start":{"line":163,"column":6},"end":{"line":181,"column":7}},"51":{"start":{"line":165,"column":44},"end":{"line":165,"column":46}},"52":{"start":{"line":166,"column":8},"end":{"line":166,"column":77}},"53":{"start":{"line":166,"column":33},"end":{"line":166,"column":77}},"54":{"start":{"line":169,"column":35},"end":{"line":170,"column":null}},"55":{"start":{"line":170,"column":10},"end":{"line":170,"column":81}},"56":{"start":{"line":170,"column":49},"end":{"line":170,"column":80}},"57":{"start":{"line":173,"column":8},"end":{"line":173,"column":54}},"58":{"start":{"line":175,"column":8},"end":{"line":177,"column":9}},"59":{"start":{"line":176,"column":10},"end":{"line":176,"column":84}},"60":{"start":{"line":180,"column":8},"end":{"line":180,"column":28}},"61":{"start":{"line":184,"column":26},"end":{"line":184,"column":55}},"62":{"start":{"line":185,"column":34},"end":{"line":185,"column":76}},"63":{"start":{"line":186,"column":36},"end":{"line":186,"column":82}},"64":{"start":{"line":187,"column":25},"end":{"line":187,"column":68}},"65":{"start":{"line":190,"column":6},"end":{"line":200,"column":7}},"66":{"start":{"line":191,"column":8},"end":{"line":199,"column":11}},"67":{"start":{"line":204,"column":4},"end":{"line":204,"column":63}},"68":{"start":{"line":204,"column":34},"end":{"line":204,"column":61}},"69":{"start":{"line":207,"column":4},"end":{"line":207,"column":76}},"70":{"start":{"line":208,"column":4},"end":{"line":208,"column":14}},"71":{"start":{"line":219,"column":2},"end":{"line":242,"column":3}},"72":{"start":{"line":220,"column":28},"end":{"line":225,"column":15}},"73":{"start":{"line":227,"column":4},"end":{"line":233,"column":5}},"74":{"start":{"line":228,"column":6},"end":{"line":231,"column":7}},"75":{"start":{"line":230,"column":8},"end":{"line":230,"column":21}},"76":{"start":{"line":232,"column":6},"end":{"line":232,"column":64}},"77":{"start":{"line":236,"column":4},"end":{"line":236,"column":18}},"78":{"start":{"line":239,"column":4},"end":{"line":239,"column":62}},"79":{"start":{"line":241,"column":4},"end":{"line":241,"column":17}},"80":{"start":{"line":253,"column":2},"end":{"line":273,"column":3}},"81":{"start":{"line":254,"column":22},"end":{"line":261,"column":8}},"82":{"start":{"line":263,"column":4},"end":{"line":266,"column":5}},"83":{"start":{"line":264,"column":6},"end":{"line":264,"column":65}},"84":{"start":{"line":265,"column":6},"end":{"line":265,"column":19}},"85":{"start":{"line":268,"column":4},"end":{"line":268,"column":16}},"86":{"start":{"line":271,"column":4},"end":{"line":271,"column":61}},"87":{"start":{"line":272,"column":4},"end":{"line":272,"column":17}},"88":{"start":{"line":287,"column":2},"end":{"line":340,"column":3}},"89":{"start":{"line":289,"column":35},"end":{"line":293,"column":100}},"90":{"start":{"line":295,"column":4},"end":{"line":298,"column":5}},"91":{"start":{"line":296,"column":6},"end":{"line":296,"column":65}},"92":{"start":{"line":297,"column":6},"end":{"line":297,"column":16}},"93":{"start":{"line":301,"column":51},"end":{"line":301,"column":53}},"94":{"start":{"line":303,"column":4},"end":{"line":333,"column":5}},"95":{"start":{"line":305,"column":45},"end":{"line":318,"column":8}},"96":{"start":{"line":321,"column":22},"end":{"line":324,"column":null}},"97":{"start":{"line":328,"column":25},"end":{"line":328,"column":70}},"98":{"start":{"line":328,"column":49},"end":{"line":328,"column":69}},"99":{"start":{"line":330,"column":6},"end":{"line":332,"column":7}},"100":{"start":{"line":331,"column":8},"end":{"line":331,"column":43}},"101":{"start":{"line":335,"column":4},"end":{"line":335,"column":19}},"102":{"start":{"line":338,"column":4},"end":{"line":338,"column":66}},"103":{"start":{"line":339,"column":4},"end":{"line":339,"column":14}}},"fnMap":{"0":{"name":"matchUserPreferencesWithOpportunities","decl":{"start":{"line":37,"column":22},"end":{"line":37,"column":59}},"loc":{"start":{"line":37,"column":59},"end":{"line":210,"column":null}}},"1":{"name":"(anonymous_8)","decl":{"start":{"line":38,"column":2},"end":{"line":38,"column":16}},"loc":{"start":{"line":41,"column":33},"end":{"line":210,"column":1}}},"2":{"name":"(anonymous_9)","decl":{"start":{"line":92,"column":40},"end":{"line":92,"column":41}},"loc":{"start":{"line":92,"column":62},"end":{"line":95,"column":9}}},"3":{"name":"(anonymous_10)","decl":{"start":{"line":144,"column":53},"end":{"line":144,"column":59}},"loc":{"start":{"line":145,"column":12},"end":{"line":145,"column":74}}},"4":{"name":"(anonymous_11)","decl":{"start":{"line":145,"column":32},"end":{"line":145,"column":42}},"loc":{"start":{"line":145,"column":46},"end":{"line":145,"column":73}}},"5":{"name":"(anonymous_12)","decl":{"start":{"line":169,"column":57},"end":{"line":169,"column":65}},"loc":{"start":{"line":170,"column":10},"end":{"line":170,"column":81}}},"6":{"name":"(anonymous_13)","decl":{"start":{"line":170,"column":33},"end":{"line":170,"column":45}},"loc":{"start":{"line":170,"column":49},"end":{"line":170,"column":80}}},"7":{"name":"(anonymous_14)","decl":{"start":{"line":204,"column":24},"end":{"line":204,"column":25}},"loc":{"start":{"line":204,"column":34},"end":{"line":204,"column":61}}},"8":{"name":"checkIfNotificationSent","decl":{"start":{"line":215,"column":22},"end":{"line":215,"column":45}},"loc":{"start":{"line":217,"column":19},"end":{"line":243,"column":null}}},"9":{"name":"recordSentNotification","decl":{"start":{"line":248,"column":22},"end":{"line":248,"column":44}},"loc":{"start":{"line":251,"column":31},"end":{"line":274,"column":null}}},"10":{"name":"matchOpportunitiesWithUsers","decl":{"start":{"line":283,"column":22},"end":{"line":283,"column":49}},"loc":{"start":{"line":285,"column":46},"end":{"line":341,"column":null}}},"11":{"name":"(anonymous_21)","decl":{"start":{"line":328,"column":40},"end":{"line":328,"column":45}},"loc":{"start":{"line":328,"column":49},"end":{"line":328,"column":69}}}},"branchMap":{"0":{"loc":{"start":{"line":41,"column":2},"end":{"line":41,"column":33}},"type":"default-arg","locations":[{"start":{"line":41,"column":31},"end":{"line":41,"column":33}}]},"1":{"loc":{"start":{"line":46,"column":6},"end":{"line":46,"column":28}},"type":"default-arg","locations":[{"start":{"line":46,"column":26},"end":{"line":46,"column":28}}]},"2":{"loc":{"start":{"line":47,"column":6},"end":{"line":47,"column":23}},"type":"default-arg","locations":[{"start":{"line":47,"column":21},"end":{"line":47,"column":23}}]},"3":{"loc":{"start":{"line":48,"column":6},"end":{"line":48,"column":25}},"type":"default-arg","locations":[{"start":{"line":48,"column":23},"end":{"line":48,"column":25}}]},"4":{"loc":{"start":{"line":49,"column":6},"end":{"line":49,"column":35}},"type":"default-arg","locations":[{"start":{"line":49,"column":31},"end":{"line":49,"column":35}}]},"5":{"loc":{"start":{"line":54,"column":4},"end":{"line":80,"column":5}},"type":"if","locations":[{"start":{"line":54,"column":4},"end":{"line":80,"column":5}}]},"6":{"loc":{"start":{"line":61,"column":6},"end":{"line":64,"column":7}},"type":"if","locations":[{"start":{"line":61,"column":6},"end":{"line":64,"column":7}}]},"7":{"loc":{"start":{"line":61,"column":10},"end":{"line":61,"column":24}},"type":"binary-expr","locations":[{"start":{"line":61,"column":10},"end":{"line":61,"column":15}},{"start":{"line":61,"column":19},"end":{"line":61,"column":24}}]},"8":{"loc":{"start":{"line":75,"column":17},"end":{"line":75,"column":35}},"type":"binary-expr","locations":[{"start":{"line":75,"column":17},"end":{"line":75,"column":29}},{"start":{"line":75,"column":33},"end":{"line":75,"column":35}}]},"9":{"loc":{"start":{"line":76,"column":20},"end":{"line":76,"column":41}},"type":"binary-expr","locations":[{"start":{"line":76,"column":20},"end":{"line":76,"column":35}},{"start":{"line":76,"column":39},"end":{"line":76,"column":41}}]},"10":{"loc":{"start":{"line":85,"column":4},"end":{"line":97,"column":5}},"type":"if","locations":[{"start":{"line":85,"column":4},"end":{"line":97,"column":5}}]},"11":{"loc":{"start":{"line":91,"column":6},"end":{"line":96,"column":7}},"type":"if","locations":[{"start":{"line":91,"column":6},"end":{"line":96,"column":7}}]},"12":{"loc":{"start":{"line":91,"column":10},"end":{"line":91,"column":24}},"type":"binary-expr","locations":[{"start":{"line":91,"column":10},"end":{"line":91,"column":16}},{"start":{"line":91,"column":20},"end":{"line":91,"column":24}}]},"13":{"loc":{"start":{"line":100,"column":24},"end":{"line":100,"column":46}},"type":"binary-expr","locations":[{"start":{"line":100,"column":24},"end":{"line":100,"column":40}},{"start":{"line":100,"column":44},"end":{"line":100,"column":46}}]},"14":{"loc":{"start":{"line":101,"column":27},"end":{"line":101,"column":52}},"type":"binary-expr","locations":[{"start":{"line":101,"column":27},"end":{"line":101,"column":46}},{"start":{"line":101,"column":50},"end":{"line":101,"column":52}}]},"15":{"loc":{"start":{"line":104,"column":4},"end":{"line":107,"column":5}},"type":"if","locations":[{"start":{"line":104,"column":4},"end":{"line":107,"column":5}}]},"16":{"loc":{"start":{"line":104,"column":8},"end":{"line":104,"column":63}},"type":"binary-expr","locations":[{"start":{"line":104,"column":8},"end":{"line":104,"column":32}},{"start":{"line":104,"column":36},"end":{"line":104,"column":63}}]},"17":{"loc":{"start":{"line":114,"column":6},"end":{"line":125,"column":7}},"type":"if","locations":[{"start":{"line":114,"column":6},"end":{"line":125,"column":7}}]},"18":{"loc":{"start":{"line":131,"column":6},"end":{"line":157,"column":7}},"type":"if","locations":[{"start":{"line":131,"column":6},"end":{"line":157,"column":7}},{"start":{"line":154,"column":13},"end":{"line":157,"column":7}}]},"19":{"loc":{"start":{"line":133,"column":31},"end":{"line":133,"column":62}},"type":"binary-expr","locations":[{"start":{"line":133,"column":31},"end":{"line":133,"column":56}},{"start":{"line":133,"column":60},"end":{"line":133,"column":62}}]},"20":{"loc":{"start":{"line":134,"column":8},"end":{"line":136,"column":9}},"type":"if","locations":[{"start":{"line":134,"column":8},"end":{"line":136,"column":9}}]},"21":{"loc":{"start":{"line":134,"column":12},"end":{"line":134,"column":70}},"type":"binary-expr","locations":[{"start":{"line":134,"column":12},"end":{"line":134,"column":26}},{"start":{"line":134,"column":30},"end":{"line":134,"column":70}}]},"22":{"loc":{"start":{"line":139,"column":8},"end":{"line":153,"column":9}},"type":"if","locations":[{"start":{"line":139,"column":8},"end":{"line":153,"column":9}},{"start":{"line":142,"column":15},"end":{"line":153,"column":9}}]},"23":{"loc":{"start":{"line":150,"column":10},"end":{"line":152,"column":11}},"type":"if","locations":[{"start":{"line":150,"column":10},"end":{"line":152,"column":11}}]},"24":{"loc":{"start":{"line":163,"column":6},"end":{"line":181,"column":7}},"type":"if","locations":[{"start":{"line":163,"column":6},"end":{"line":181,"column":7}},{"start":{"line":178,"column":13},"end":{"line":181,"column":7}}]},"25":{"loc":{"start":{"line":166,"column":8},"end":{"line":166,"column":77}},"type":"if","locations":[{"start":{"line":166,"column":8},"end":{"line":166,"column":77}}]},"26":{"loc":{"start":{"line":175,"column":8},"end":{"line":177,"column":9}},"type":"if","locations":[{"start":{"line":175,"column":8},"end":{"line":177,"column":9}}]},"27":{"loc":{"start":{"line":190,"column":6},"end":{"line":200,"column":7}},"type":"if","locations":[{"start":{"line":190,"column":6},"end":{"line":200,"column":7}}]},"28":{"loc":{"start":{"line":227,"column":4},"end":{"line":233,"column":5}},"type":"if","locations":[{"start":{"line":227,"column":4},"end":{"line":233,"column":5}}]},"29":{"loc":{"start":{"line":228,"column":6},"end":{"line":231,"column":7}},"type":"if","locations":[{"start":{"line":228,"column":6},"end":{"line":231,"column":7}}]},"30":{"loc":{"start":{"line":263,"column":4},"end":{"line":266,"column":5}},"type":"if","locations":[{"start":{"line":263,"column":4},"end":{"line":266,"column":5}}]},"31":{"loc":{"start":{"line":293,"column":10},"end":{"line":293,"column":93}},"type":"cond-expr","locations":[{"start":{"line":293,"column":47},"end":{"line":293,"column":67}},{"start":{"line":293,"column":70},"end":{"line":293,"column":93}}]},"32":{"loc":{"start":{"line":295,"column":4},"end":{"line":298,"column":5}},"type":"if","locations":[{"start":{"line":295,"column":4},"end":{"line":298,"column":5}}]},"33":{"loc":{"start":{"line":295,"column":8},"end":{"line":295,"column":45}},"type":"binary-expr","locations":[{"start":{"line":295,"column":8},"end":{"line":295,"column":13}},{"start":{"line":295,"column":17},"end":{"line":295,"column":23}},{"start":{"line":295,"column":27},"end":{"line":295,"column":45}}]},"34":{"loc":{"start":{"line":314,"column":17},"end":{"line":314,"column":35}},"type":"binary-expr","locations":[{"start":{"line":314,"column":17},"end":{"line":314,"column":29}},{"start":{"line":314,"column":33},"end":{"line":314,"column":35}}]},"35":{"loc":{"start":{"line":315,"column":20},"end":{"line":315,"column":41}},"type":"binary-expr","locations":[{"start":{"line":315,"column":20},"end":{"line":315,"column":35}},{"start":{"line":315,"column":39},"end":{"line":315,"column":41}}]},"36":{"loc":{"start":{"line":330,"column":6},"end":{"line":332,"column":7}},"type":"if","locations":[{"start":{"line":330,"column":6},"end":{"line":332,"column":7}}]}},"s":{"0":0,"1":0,"2":0,"3":0,"4":0,"5":0,"6":0,"7":0,"8":0,"9":0,"10":0,"11":0,"12":0,"13":0,"14":0,"15":0,"16":0,"17":0,"18":0,"19":0,"20":0,"21":0,"22":0,"23":0,"24":0,"25":0,"26":0,"27":0,"28":0,"29":0,"30":0,"31":0,"32":0,"33":0,"34":0,"35":0,"36":0,"37":0,"38":0,"39":0,"40":0,"41":0,"42":0,"43":0,"44":0,"45":0,"46":0,"47":0,"48":0,"49":0,"50":0,"51":0,"52":0,"53":0,"54":0,"55":0,"56":0,"57":0,"58":0,"59":0,"60":0,"61":0,"62":0,"63":0,"64":0,"65":0,"66":0,"67":0,"68":0,"69":0,"70":0,"71":0,"72":0,"73":0,"74":0,"75":0,"76":0,"77":0,"78":0,"79":0,"80":0,"81":0,"82":0,"83":0,"84":0,"85":0,"86":0,"87":0,"88":0,"89":0,"90":0,"91":0,"92":0,"93":0,"94":0,"95":0,"96":0,"97":0,"98":0,"99":0,"100":0,"101":0,"102":0,"103":0},"f":{"0":0,"1":0,"2":0,"3":0,"4":0,"5":0,"6":0,"7":0,"8":0,"9":0,"10":0,"11":0},"b":{"0":[0],"1":[0],"2":[0],"3":[0],"4":[0],"5":[0],"6":[0],"7":[0,0],"8":[0,0],"9":[0,0],"10":[0],"11":[0],"12":[0,0],"13":[0,0],"14":[0,0],"15":[0],"16":[0,0],"17":[0],"18":[0,0],"19":[0,0],"20":[0],"21":[0,0],"22":[0,0],"23":[0],"24":[0,0],"25":[0],"26":[0],"27":[0],"28":[0],"29":[0],"30":[0],"31":[0,0],"32":[0],"33":[0,0,0],"34":[0,0],"35":[0,0],"36":[0]}}
,"/Users/alex/Downloads/government-saas/src/services/notificationOrchestrator.ts": {"path":"/Users/alex/Downloads/government-saas/src/services/notificationOrchestrator.ts","statementMap":{"0":{"start":{"line":166,"column":0},"end":{"line":166,"column":22}},"1":{"start":{"line":315,"column":0},"end":{"line":315,"column":22}},"2":{"start":{"line":1,"column":0},"end":{"line":1,"column":38}},"3":{"start":{"line":3,"column":0},"end":{"line":3,"column":67}},"4":{"start":{"line":4,"column":0},"end":{"line":4,"column":76}},"5":{"start":{"line":5,"column":0},"end":{"line":5,"column":120}},"6":{"start":{"line":6,"column":0},"end":{"line":6,"column":65}},"7":{"start":{"line":38,"column":2},"end":{"line":55,"column":3}},"8":{"start":{"line":39,"column":28},"end":{"line":43,"column":15}},"9":{"start":{"line":45,"column":4},"end":{"line":48,"column":5}},"10":{"start":{"line":46,"column":6},"end":{"line":46,"column":67}},"11":{"start":{"line":47,"column":6},"end":{"line":47,"column":18}},"12":{"start":{"line":50,"column":4},"end":{"line":50,"column":22}},"13":{"start":{"line":53,"column":4},"end":{"line":53,"column":64}},"14":{"start":{"line":54,"column":4},"end":{"line":54,"column":16}},"15":{"start":{"line":62,"column":2},"end":{"line":96,"column":3}},"16":{"start":{"line":64,"column":39},"end":{"line":68,"column":15}},"17":{"start":{"line":70,"column":4},"end":{"line":75,"column":5}},"18":{"start":{"line":72,"column":6},"end":{"line":72,"column":82}},"19":{"start":{"line":73,"column":27},"end":{"line":73,"column":77}},"20":{"start":{"line":74,"column":6},"end":{"line":74,"column":56}},"21":{"start":{"line":78,"column":22},"end":{"line":84,"column":8}},"22":{"start":{"line":86,"column":4},"end":{"line":89,"column":5}},"23":{"start":{"line":87,"column":6},"end":{"line":87,"column":67}},"24":{"start":{"line":88,"column":6},"end":{"line":88,"column":19}},"25":{"start":{"line":91,"column":4},"end":{"line":91,"column":16}},"26":{"start":{"line":94,"column":4},"end":{"line":94,"column":63}},"27":{"start":{"line":95,"column":4},"end":{"line":95,"column":17}},"28":{"start":{"line":105,"column":2},"end":{"line":139,"column":3}},"29":{"start":{"line":107,"column":35},"end":{"line":109,"column":6}},"30":{"start":{"line":112,"column":19},"end":{"line":112,"column":63}},"31":{"start":{"line":115,"column":27},"end":{"line":115,"column":39}},"32":{"start":{"line":117,"column":4},"end":{"line":130,"column":5}},"33":{"start":{"line":118,"column":24},"end":{"line":118,"column":39}},"34":{"start":{"line":119,"column":6},"end":{"line":129,"column":9}},"35":{"start":{"line":120,"column":8},"end":{"line":120,"column":52}},"36":{"start":{"line":120,"column":39},"end":{"line":120,"column":52}},"37":{"start":{"line":122,"column":8},"end":{"line":128,"column":9}},"38":{"start":{"line":123,"column":30},"end":{"line":123,"column":64}},"39":{"start":{"line":124,"column":10},"end":{"line":124,"column":41}},"40":{"start":{"line":126,"column":10},"end":{"line":126,"column":79}},"41":{"start":{"line":127,"column":10},"end":{"line":127,"column":23}},"42":{"start":{"line":132,"column":4},"end":{"line":132,"column":104}},"43":{"start":{"line":134,"column":4},"end":{"line":134,"column":53}},"44":{"start":{"line":137,"column":4},"end":{"line":137,"column":62}},"45":{"start":{"line":138,"column":4},"end":{"line":138,"column":39}},"46":{"start":{"line":146,"column":2},"end":{"line":160,"column":3}},"47":{"start":{"line":148,"column":35},"end":{"line":148,"column":55}},"48":{"start":{"line":151,"column":19},"end":{"line":151,"column":63}},"49":{"start":{"line":153,"column":4},"end":{"line":153,"column":81}},"50":{"start":{"line":155,"column":4},"end":{"line":155,"column":49}},"51":{"start":{"line":158,"column":4},"end":{"line":158,"column":62}},"52":{"start":{"line":159,"column":4},"end":{"line":159,"column":39}},"53":{"start":{"line":167,"column":2},"end":{"line":309,"column":null}},"54":{"start":{"line":170,"column":20},"end":{"line":170,"column":30}},"55":{"start":{"line":179,"column":6},"end":{"line":179,"column":13}},"56":{"start":{"line":182,"column":38},"end":{"line":192,"column":4}},"57":{"start":{"line":194,"column":2},"end":{"line":306,"column":3}},"58":{"start":{"line":196,"column":31},"end":{"line":196,"column":60}},"59":{"start":{"line":197,"column":4},"end":{"line":197,"column":73}},"60":{"start":{"line":200,"column":4},"end":{"line":238,"column":5}},"61":{"start":{"line":201,"column":6},"end":{"line":201,"column":50}},"62":{"start":{"line":204,"column":61},"end":{"line":204,"column":108}},"63":{"start":{"line":205,"column":6},"end":{"line":205,"column":52}},"64":{"start":{"line":206,"column":6},"end":{"line":206,"column":35}},"65":{"start":{"line":208,"column":6},"end":{"line":237,"column":7}},"66":{"start":{"line":210,"column":34},"end":{"line":210,"column":95}},"67":{"start":{"line":213,"column":27},"end":{"line":213,"column":28}},"68":{"start":{"line":214,"column":8},"end":{"line":216,"column":9}},"69":{"start":{"line":215,"column":10},"end":{"line":215,"column":59}},"70":{"start":{"line":217,"column":8},"end":{"line":217,"column":44}},"71":{"start":{"line":219,"column":8},"end":{"line":234,"column":9}},"72":{"start":{"line":221,"column":37},"end":{"line":224,"column":null}},"73":{"start":{"line":227,"column":10},"end":{"line":227,"column":72}},"74":{"start":{"line":228,"column":10},"end":{"line":228,"column":66}},"75":{"start":{"line":229,"column":10},"end":{"line":229,"column":53}},"76":{"start":{"line":231,"column":10},"end":{"line":231,"column":142}},"77":{"start":{"line":233,"column":10},"end":{"line":233,"column":86}},"78":{"start":{"line":236,"column":8},"end":{"line":236,"column":45}},"79":{"start":{"line":241,"column":4},"end":{"line":278,"column":5}},"80":{"start":{"line":242,"column":6},"end":{"line":242,"column":70}},"81":{"start":{"line":245,"column":69},"end":{"line":245,"column":98}},"82":{"start":{"line":246,"column":6},"end":{"line":246,"column":38}},"83":{"start":{"line":248,"column":6},"end":{"line":277,"column":7}},"84":{"start":{"line":250,"column":32},"end":{"line":250,"column":95}},"85":{"start":{"line":253,"column":35},"end":{"line":253,"column":36}},"86":{"start":{"line":254,"column":8},"end":{"line":256,"column":9}},"87":{"start":{"line":255,"column":10},"end":{"line":255,"column":65}},"88":{"start":{"line":257,"column":8},"end":{"line":257,"column":52}},"89":{"start":{"line":259,"column":8},"end":{"line":274,"column":9}},"90":{"start":{"line":261,"column":33},"end":{"line":264,"column":null}},"91":{"start":{"line":267,"column":10},"end":{"line":267,"column":68}},"92":{"start":{"line":268,"column":10},"end":{"line":268,"column":62}},"93":{"start":{"line":269,"column":10},"end":{"line":269,"column":49}},"94":{"start":{"line":271,"column":10},"end":{"line":271,"column":156}},"95":{"start":{"line":273,"column":10},"end":{"line":273,"column":96}},"96":{"start":{"line":276,"column":8},"end":{"line":276,"column":65}},"97":{"start":{"line":281,"column":4},"end":{"line":290,"column":5}},"98":{"start":{"line":282,"column":6},"end":{"line":282,"column":49}},"99":{"start":{"line":285,"column":26},"end":{"line":285,"column":73}},"100":{"start":{"line":286,"column":6},"end":{"line":286,"column":45}},"101":{"start":{"line":287,"column":6},"end":{"line":287,"column":42}},"102":{"start":{"line":289,"column":6},"end":{"line":289,"column":135}},"103":{"start":{"line":293,"column":26},"end":{"line":293,"column":74}},"104":{"start":{"line":294,"column":4},"end":{"line":296,"column":5}},"105":{"start":{"line":295,"column":6},"end":{"line":295,"column":68}},"106":{"start":{"line":299,"column":4},"end":{"line":299,"column":72}},"107":{"start":{"line":300,"column":4},"end":{"line":300,"column":23}},"108":{"start":{"line":301,"column":4},"end":{"line":301,"column":104}},"109":{"start":{"line":304,"column":4},"end":{"line":304,"column":45}},"110":{"start":{"line":305,"column":4},"end":{"line":305,"column":77}},"111":{"start":{"line":308,"column":2},"end":{"line":308,"column":16}},"112":{"start":{"line":316,"column":2},"end":{"line":342,"column":3}},"113":{"start":{"line":318,"column":39},"end":{"line":318,"column":89}},"114":{"start":{"line":321,"column":4},"end":{"line":324,"column":5}},"115":{"start":{"line":322,"column":18},"end":{"line":322,"column":42}},"116":{"start":{"line":323,"column":6},"end":{"line":323,"column":42}},"117":{"start":{"line":326,"column":4},"end":{"line":326,"column":16}},"118":{"start":{"line":328,"column":4},"end":{"line":328,"column":68}},"119":{"start":{"line":331,"column":4},"end":{"line":341,"column":5}},"120":{"start":{"line":332,"column":34},"end":{"line":332,"column":88}},"121":{"start":{"line":333,"column":6},"end":{"line":336,"column":7}},"122":{"start":{"line":334,"column":8},"end":{"line":334,"column":73}},"123":{"start":{"line":335,"column":8},"end":{"line":335,"column":21}},"124":{"start":{"line":337,"column":6},"end":{"line":337,"column":18}},"125":{"start":{"line":339,"column":6},"end":{"line":339,"column":71}},"126":{"start":{"line":340,"column":6},"end":{"line":340,"column":19}}},"fnMap":{"0":{"name":"getLastCheckTimestamp","decl":{"start":{"line":37,"column":15},"end":{"line":37,"column":36}},"loc":{"start":{"line":37,"column":36},"end":{"line":56,"column":null}}},"1":{"name":"updateLastCheckTimestamp","decl":{"start":{"line":61,"column":15},"end":{"line":61,"column":39}},"loc":{"start":{"line":61,"column":57},"end":{"line":97,"column":null}}},"2":{"name":"fetchNewOpportunities","decl":{"start":{"line":102,"column":15},"end":{"line":102,"column":36}},"loc":{"start":{"line":103,"column":22},"end":{"line":140,"column":null}}},"3":{"name":"(anonymous_13)","decl":{"start":{"line":119,"column":49},"end":{"line":119,"column":56}},"loc":{"start":{"line":119,"column":59},"end":{"line":129,"column":7}}},"4":{"name":"fetchDeadlinePrograms","decl":{"start":{"line":145,"column":15},"end":{"line":145,"column":36}},"loc":{"start":{"line":145,"column":36},"end":{"line":161,"column":null}}},"5":{"name":"orchestrateNotificationProcessing","decl":{"start":{"line":166,"column":22},"end":{"line":166,"column":55}},"loc":{"start":{"line":166,"column":55},"end":{"line":309,"column":null}}},"6":{"name":"(anonymous_17)","decl":{"start":{"line":167,"column":2},"end":{"line":167,"column":34}},"loc":{"start":{"line":167,"column":36},"end":{"line":309,"column":1}}},"7":{"name":"initializeNotificationSystem","decl":{"start":{"line":315,"column":22},"end":{"line":315,"column":50}},"loc":{"start":{"line":315,"column":50},"end":{"line":343,"column":null}}}},"branchMap":{"0":{"loc":{"start":{"line":45,"column":4},"end":{"line":48,"column":5}},"type":"if","locations":[{"start":{"line":45,"column":4},"end":{"line":48,"column":5}}]},"1":{"loc":{"start":{"line":45,"column":8},"end":{"line":45,"column":22}},"type":"binary-expr","locations":[{"start":{"line":45,"column":8},"end":{"line":45,"column":13}},{"start":{"line":45,"column":17},"end":{"line":45,"column":22}}]},"2":{"loc":{"start":{"line":70,"column":4},"end":{"line":75,"column":5}},"type":"if","locations":[{"start":{"line":70,"column":4},"end":{"line":75,"column":5}}]},"3":{"loc":{"start":{"line":70,"column":8},"end":{"line":70,"column":62}},"type":"binary-expr","locations":[{"start":{"line":70,"column":8},"end":{"line":70,"column":23}},{"start":{"line":70,"column":27},"end":{"line":70,"column":62}}]},"4":{"loc":{"start":{"line":86,"column":4},"end":{"line":89,"column":5}},"type":"if","locations":[{"start":{"line":86,"column":4},"end":{"line":89,"column":5}}]},"5":{"loc":{"start":{"line":117,"column":4},"end":{"line":130,"column":5}},"type":"if","locations":[{"start":{"line":117,"column":4},"end":{"line":130,"column":5}}]},"6":{"loc":{"start":{"line":120,"column":8},"end":{"line":120,"column":52}},"type":"if","locations":[{"start":{"line":120,"column":8},"end":{"line":120,"column":52}}]},"7":{"loc":{"start":{"line":132,"column":76},"end":{"line":132,"column":100}},"type":"binary-expr","locations":[{"start":{"line":132,"column":76},"end":{"line":132,"column":81}},{"start":{"line":132,"column":85},"end":{"line":132,"column":100}}]},"8":{"loc":{"start":{"line":167,"column":2},"end":{"line":167,"column":36}},"type":"default-arg","locations":[{"start":{"line":167,"column":34},"end":{"line":167,"column":36}}]},"9":{"loc":{"start":{"line":174,"column":4},"end":{"line":174,"column":27}},"type":"default-arg","locations":[{"start":{"line":174,"column":23},"end":{"line":174,"column":27}}]},"10":{"loc":{"start":{"line":175,"column":4},"end":{"line":175,"column":25}},"type":"default-arg","locations":[{"start":{"line":175,"column":21},"end":{"line":175,"column":25}}]},"11":{"loc":{"start":{"line":176,"column":25},"end":{"line":176,"column":50}},"type":"default-arg","locations":[{"start":{"line":176,"column":46},"end":{"line":176,"column":50}}]},"12":{"loc":{"start":{"line":177,"column":4},"end":{"line":177,"column":29}},"type":"default-arg","locations":[{"start":{"line":177,"column":27},"end":{"line":177,"column":29}}]},"13":{"loc":{"start":{"line":178,"column":4},"end":{"line":178,"column":28}},"type":"default-arg","locations":[{"start":{"line":178,"column":26},"end":{"line":178,"column":28}}]},"14":{"loc":{"start":{"line":197,"column":41},"end":{"line":197,"column":69}},"type":"binary-expr","locations":[{"start":{"line":197,"column":41},"end":{"line":197,"column":59}},{"start":{"line":197,"column":63},"end":{"line":197,"column":69}}]},"15":{"loc":{"start":{"line":200,"column":4},"end":{"line":238,"column":5}},"type":"if","locations":[{"start":{"line":200,"column":4},"end":{"line":238,"column":5}}]},"16":{"loc":{"start":{"line":208,"column":6},"end":{"line":237,"column":7}},"type":"if","locations":[{"start":{"line":208,"column":6},"end":{"line":237,"column":7}},{"start":{"line":235,"column":13},"end":{"line":237,"column":7}}]},"17":{"loc":{"start":{"line":219,"column":8},"end":{"line":234,"column":9}},"type":"if","locations":[{"start":{"line":219,"column":8},"end":{"line":234,"column":9}},{"start":{"line":232,"column":15},"end":{"line":234,"column":9}}]},"18":{"loc":{"start":{"line":241,"column":4},"end":{"line":278,"column":5}},"type":"if","locations":[{"start":{"line":241,"column":4},"end":{"line":278,"column":5}}]},"19":{"loc":{"start":{"line":248,"column":6},"end":{"line":277,"column":7}},"type":"if","locations":[{"start":{"line":248,"column":6},"end":{"line":277,"column":7}},{"start":{"line":275,"column":13},"end":{"line":277,"column":7}}]},"20":{"loc":{"start":{"line":259,"column":8},"end":{"line":274,"column":9}},"type":"if","locations":[{"start":{"line":259,"column":8},"end":{"line":274,"column":9}},{"start":{"line":272,"column":15},"end":{"line":274,"column":9}}]},"21":{"loc":{"start":{"line":281,"column":4},"end":{"line":290,"column":5}},"type":"if","locations":[{"start":{"line":281,"column":4},"end":{"line":290,"column":5}}]},"22":{"loc":{"start":{"line":294,"column":4},"end":{"line":296,"column":5}},"type":"if","locations":[{"start":{"line":294,"column":4},"end":{"line":296,"column":5}}]},"23":{"loc":{"start":{"line":301,"column":46},"end":{"line":301,"column":100}},"type":"cond-expr","locations":[{"start":{"line":301,"column":71},"end":{"line":301,"column":84}},{"start":{"line":301,"column":87},"end":{"line":301,"column":100}}]},"24":{"loc":{"start":{"line":321,"column":4},"end":{"line":324,"column":5}},"type":"if","locations":[{"start":{"line":321,"column":4},"end":{"line":324,"column":5}}]},"25":{"loc":{"start":{"line":333,"column":6},"end":{"line":336,"column":7}},"type":"if","locations":[{"start":{"line":333,"column":6},"end":{"line":336,"column":7}}]}},"s":{"0":0,"1":0,"2":0,"3":0,"4":0,"5":0,"6":0,"7":0,"8":0,"9":0,"10":0,"11":0,"12":0,"13":0,"14":0,"15":0,"16":0,"17":0,"18":0,"19":0,"20":0,"21":0,"22":0,"23":0,"24":0,"25":0,"26":0,"27":0,"28":0,"29":0,"30":0,"31":0,"32":0,"33":0,"34":0,"35":0,"36":0,"37":0,"38":0,"39":0,"40":0,"41":0,"42":0,"43":0,"44":0,"45":0,"46":0,"47":0,"48":0,"49":0,"50":0,"51":0,"52":0,"53":0,"54":0,"55":0,"56":0,"57":0,"58":0,"59":0,"60":0,"61":0,"62":0,"63":0,"64":0,"65":0,"66":0,"67":0,"68":0,"69":0,"70":0,"71":0,"72":0,"73":0,"74":0,"75":0,"76":0,"77":0,"78":0,"79":0,"80":0,"81":0,"82":0,"83":0,"84":0,"85":0,"86":0,"87":0,"88":0,"89":0,"90":0,"91":0,"92":0,"93":0,"94":0,"95":0,"96":0,"97":0,"98":0,"99":0,"100":0,"101":0,"102":0,"103":0,"104":0,"105":0,"106":0,"107":0,"108":0,"109":0,"110":0,"111":0,"112":0,"113":0,"114":0,"115":0,"116":0,"117":0,"118":0,"119":0,"120":0,"121":0,"122":0,"123":0,"124":0,"125":0,"126":0},"f":{"0":0,"1":0,"2":0,"3":0,"4":0,"5":0,"6":0,"7":0},"b":{"0":[0],"1":[0,0],"2":[0],"3":[0,0],"4":[0],"5":[0],"6":[0],"7":[0,0],"8":[0],"9":[0],"10":[0],"11":[0],"12":[0],"13":[0],"14":[0,0],"15":[0],"16":[0,0],"17":[0,0],"18":[0],"19":[0,0],"20":[0,0],"21":[0],"22":[0],"23":[0,0],"24":[0],"25":[0]}}
,"/Users/alex/Downloads/government-saas/src/services/notificationTaskProcessor.ts": {"path":"/Users/alex/Downloads/government-saas/src/services/notificationTaskProcessor.ts","statementMap":{"0":{"start":{"line":21,"column":0},"end":{"line":21,"column":22}},"1":{"start":{"line":493,"column":0},"end":{"line":493,"column":22}},"2":{"start":{"line":1,"column":0},"end":{"line":1,"column":null}},"3":{"start":{"line":11,"column":0},"end":{"line":11,"column":38}},"4":{"start":{"line":13,"column":0},"end":{"line":13,"column":67}},"5":{"start":{"line":14,"column":0},"end":{"line":14,"column":76}},"6":{"start":{"line":15,"column":0},"end":{"line":15,"column":89}},"7":{"start":{"line":16,"column":0},"end":{"line":16,"column":65}},"8":{"start":{"line":22,"column":2},"end":{"line":54,"column":3}},"9":{"start":{"line":24,"column":4},"end":{"line":24,"column":51}},"10":{"start":{"line":27,"column":4},"end":{"line":48,"column":5}},"11":{"start":{"line":29,"column":8},"end":{"line":29,"column":43}},"12":{"start":{"line":31,"column":8},"end":{"line":31,"column":44}},"13":{"start":{"line":33,"column":8},"end":{"line":33,"column":44}},"14":{"start":{"line":35,"column":8},"end":{"line":35,"column":47}},"15":{"start":{"line":37,"column":8},"end":{"line":37,"column":43}},"16":{"start":{"line":39,"column":8},"end":{"line":39,"column":46}},"17":{"start":{"line":41,"column":8},"end":{"line":46,"column":10}},"18":{"start":{"line":47,"column":8},"end":{"line":47,"column":21}},"19":{"start":{"line":50,"column":4},"end":{"line":50,"column":82}},"20":{"start":{"line":51,"column":25},"end":{"line":51,"column":79}},"21":{"start":{"line":52,"column":4},"end":{"line":52,"column":51}},"22":{"start":{"line":53,"column":4},"end":{"line":53,"column":17}},"23":{"start":{"line":61,"column":2},"end":{"line":111,"column":3}},"24":{"start":{"line":62,"column":22},"end":{"line":62,"column":46}},"25":{"start":{"line":65,"column":22},"end":{"line":71,"column":null}},"26":{"start":{"line":75,"column":25},"end":{"line":81,"column":null}},"27":{"start":{"line":85,"column":24},"end":{"line":91,"column":null}},"28":{"start":{"line":94,"column":4},"end":{"line":103,"column":6}},"29":{"start":{"line":105,"column":4},"end":{"line":105,"column":16}},"30":{"start":{"line":107,"column":4},"end":{"line":107,"column":56}},"31":{"start":{"line":108,"column":25},"end":{"line":108,"column":79}},"32":{"start":{"line":109,"column":4},"end":{"line":109,"column":51}},"33":{"start":{"line":110,"column":4},"end":{"line":110,"column":17}},"34":{"start":{"line":118,"column":2},"end":{"line":185,"column":3}},"35":{"start":{"line":119,"column":37},"end":{"line":119,"column":58}},"36":{"start":{"line":121,"column":4},"end":{"line":124,"column":5}},"37":{"start":{"line":122,"column":6},"end":{"line":122,"column":84}},"38":{"start":{"line":123,"column":6},"end":{"line":123,"column":19}},"39":{"start":{"line":126,"column":40},"end":{"line":126,"column":42}},"40":{"start":{"line":128,"column":4},"end":{"line":143,"column":5}},"41":{"start":{"line":130,"column":33},"end":{"line":130,"column":62}},"42":{"start":{"line":133,"column":40},"end":{"line":133,"column":87}},"43":{"start":{"line":134,"column":6},"end":{"line":134,"column":29}},"44":{"start":{"line":137,"column":6},"end":{"line":137,"column":76}},"45":{"start":{"line":139,"column":11},"end":{"line":143,"column":5}},"46":{"start":{"line":141,"column":45},"end":{"line":141,"column":74}},"47":{"start":{"line":142,"column":6},"end":{"line":142,"column":34}},"48":{"start":{"line":146,"column":4},"end":{"line":177,"column":5}},"49":{"start":{"line":148,"column":24},"end":{"line":155,"column":null}},"50":{"start":{"line":158,"column":6},"end":{"line":166,"column":8}},"51":{"start":{"line":169,"column":6},"end":{"line":176,"column":8}},"52":{"start":{"line":179,"column":4},"end":{"line":179,"column":16}},"53":{"start":{"line":181,"column":4},"end":{"line":181,"column":57}},"54":{"start":{"line":182,"column":25},"end":{"line":182,"column":79}},"55":{"start":{"line":183,"column":4},"end":{"line":183,"column":51}},"56":{"start":{"line":184,"column":4},"end":{"line":184,"column":17}},"57":{"start":{"line":192,"column":2},"end":{"line":250,"column":3}},"58":{"start":{"line":193,"column":43},"end":{"line":193,"column":64}},"59":{"start":{"line":195,"column":4},"end":{"line":198,"column":5}},"60":{"start":{"line":196,"column":6},"end":{"line":196,"column":75}},"61":{"start":{"line":197,"column":6},"end":{"line":197,"column":19}},"62":{"start":{"line":201,"column":20},"end":{"line":201,"column":81}},"63":{"start":{"line":204,"column":23},"end":{"line":204,"column":24}},"64":{"start":{"line":205,"column":4},"end":{"line":207,"column":5}},"65":{"start":{"line":206,"column":6},"end":{"line":206,"column":45}},"66":{"start":{"line":209,"column":4},"end":{"line":242,"column":5}},"67":{"start":{"line":211,"column":27},"end":{"line":218,"column":null}},"68":{"start":{"line":221,"column":6},"end":{"line":230,"column":8}},"69":{"start":{"line":233,"column":6},"end":{"line":241,"column":8}},"70":{"start":{"line":244,"column":4},"end":{"line":244,"column":16}},"71":{"start":{"line":246,"column":4},"end":{"line":246,"column":57}},"72":{"start":{"line":247,"column":25},"end":{"line":247,"column":79}},"73":{"start":{"line":248,"column":4},"end":{"line":248,"column":51}},"74":{"start":{"line":249,"column":4},"end":{"line":249,"column":17}},"75":{"start":{"line":257,"column":2},"end":{"line":311,"column":3}},"76":{"start":{"line":258,"column":42},"end":{"line":258,"column":63}},"77":{"start":{"line":260,"column":4},"end":{"line":263,"column":5}},"78":{"start":{"line":261,"column":6},"end":{"line":261,"column":75}},"79":{"start":{"line":262,"column":6},"end":{"line":262,"column":19}},"80":{"start":{"line":266,"column":31},"end":{"line":268,"column":null}},"81":{"start":{"line":271,"column":4},"end":{"line":303,"column":5}},"82":{"start":{"line":273,"column":23},"end":{"line":279,"column":null}},"83":{"start":{"line":282,"column":6},"end":{"line":291,"column":8}},"84":{"start":{"line":294,"column":6},"end":{"line":302,"column":8}},"85":{"start":{"line":305,"column":4},"end":{"line":305,"column":16}},"86":{"start":{"line":307,"column":4},"end":{"line":307,"column":60}},"87":{"start":{"line":308,"column":25},"end":{"line":308,"column":79}},"88":{"start":{"line":309,"column":4},"end":{"line":309,"column":51}},"89":{"start":{"line":310,"column":4},"end":{"line":310,"column":17}},"90":{"start":{"line":318,"column":2},"end":{"line":341,"column":3}},"91":{"start":{"line":319,"column":28},"end":{"line":319,"column":49}},"92":{"start":{"line":322,"column":24},"end":{"line":322,"column":68}},"93":{"start":{"line":324,"column":4},"end":{"line":333,"column":6}},"94":{"start":{"line":335,"column":4},"end":{"line":335,"column":16}},"95":{"start":{"line":337,"column":4},"end":{"line":337,"column":56}},"96":{"start":{"line":338,"column":25},"end":{"line":338,"column":79}},"97":{"start":{"line":339,"column":4},"end":{"line":339,"column":51}},"98":{"start":{"line":340,"column":4},"end":{"line":340,"column":17}},"99":{"start":{"line":348,"column":2},"end":{"line":381,"column":3}},"100":{"start":{"line":349,"column":27},"end":{"line":349,"column":48}},"101":{"start":{"line":352,"column":28},"end":{"line":352,"column":43}},"102":{"start":{"line":355,"column":23},"end":{"line":355,"column":33}},"103":{"start":{"line":356,"column":4},"end":{"line":356,"column":63}},"104":{"start":{"line":359,"column":36},"end":{"line":364,"column":31}},"105":{"start":{"line":366,"column":4},"end":{"line":373,"column":6}},"106":{"start":{"line":375,"column":4},"end":{"line":375,"column":16}},"107":{"start":{"line":377,"column":4},"end":{"line":377,"column":59}},"108":{"start":{"line":378,"column":25},"end":{"line":378,"column":79}},"109":{"start":{"line":379,"column":4},"end":{"line":379,"column":51}},"110":{"start":{"line":380,"column":4},"end":{"line":380,"column":17}},"111":{"start":{"line":388,"column":2},"end":{"line":405,"column":3}},"112":{"start":{"line":389,"column":28},"end":{"line":393,"column":15}},"113":{"start":{"line":395,"column":4},"end":{"line":398,"column":5}},"114":{"start":{"line":396,"column":6},"end":{"line":396,"column":67}},"115":{"start":{"line":397,"column":6},"end":{"line":397,"column":18}},"116":{"start":{"line":400,"column":4},"end":{"line":400,"column":22}},"117":{"start":{"line":403,"column":4},"end":{"line":403,"column":64}},"118":{"start":{"line":404,"column":4},"end":{"line":404,"column":16}},"119":{"start":{"line":412,"column":2},"end":{"line":432,"column":3}},"120":{"start":{"line":414,"column":22},"end":{"line":420,"column":8}},"121":{"start":{"line":422,"column":4},"end":{"line":425,"column":5}},"122":{"start":{"line":423,"column":6},"end":{"line":423,"column":67}},"123":{"start":{"line":424,"column":6},"end":{"line":424,"column":19}},"124":{"start":{"line":427,"column":4},"end":{"line":427,"column":16}},"125":{"start":{"line":430,"column":4},"end":{"line":430,"column":63}},"126":{"start":{"line":431,"column":4},"end":{"line":431,"column":17}},"127":{"start":{"line":441,"column":2},"end":{"line":469,"column":3}},"128":{"start":{"line":444,"column":20},"end":{"line":444,"column":44}},"129":{"start":{"line":445,"column":19},"end":{"line":445,"column":63}},"130":{"start":{"line":447,"column":27},"end":{"line":447,"column":39}},"131":{"start":{"line":449,"column":4},"end":{"line":462,"column":5}},"132":{"start":{"line":450,"column":24},"end":{"line":450,"column":39}},"133":{"start":{"line":451,"column":6},"end":{"line":461,"column":9}},"134":{"start":{"line":452,"column":8},"end":{"line":452,"column":52}},"135":{"start":{"line":452,"column":39},"end":{"line":452,"column":52}},"136":{"start":{"line":454,"column":8},"end":{"line":460,"column":9}},"137":{"start":{"line":455,"column":30},"end":{"line":455,"column":64}},"138":{"start":{"line":456,"column":10},"end":{"line":456,"column":41}},"139":{"start":{"line":458,"column":10},"end":{"line":458,"column":79}},"140":{"start":{"line":459,"column":10},"end":{"line":459,"column":23}},"141":{"start":{"line":464,"column":4},"end":{"line":464,"column":53}},"142":{"start":{"line":467,"column":4},"end":{"line":467,"column":62}},"143":{"start":{"line":468,"column":4},"end":{"line":468,"column":39}},"144":{"start":{"line":476,"column":2},"end":{"line":486,"column":3}},"145":{"start":{"line":478,"column":20},"end":{"line":478,"column":40}},"146":{"start":{"line":479,"column":19},"end":{"line":479,"column":63}},"147":{"start":{"line":481,"column":4},"end":{"line":481,"column":49}},"148":{"start":{"line":484,"column":4},"end":{"line":484,"column":62}},"149":{"start":{"line":485,"column":4},"end":{"line":485,"column":39}},"150":{"start":{"line":501,"column":2},"end":{"line":528,"column":3}},"151":{"start":{"line":503,"column":17},"end":{"line":503,"column":51}},"152":{"start":{"line":505,"column":4},"end":{"line":512,"column":5}},"153":{"start":{"line":506,"column":6},"end":{"line":511,"column":8}},"154":{"start":{"line":515,"column":20},"end":{"line":515,"column":43}},"155":{"start":{"line":517,"column":4},"end":{"line":521,"column":6}},"156":{"start":{"line":523,"column":4},"end":{"line":523,"column":54}},"157":{"start":{"line":524,"column":4},"end":{"line":527,"column":6}}},"fnMap":{"0":{"name":"processTask","decl":{"start":{"line":21,"column":22},"end":{"line":21,"column":33}},"loc":{"start":{"line":21,"column":56},"end":{"line":55,"column":null}}},"1":{"name":"processInitTask","decl":{"start":{"line":60,"column":15},"end":{"line":60,"column":30}},"loc":{"start":{"line":60,"column":53},"end":{"line":112,"column":null}}},"2":{"name":"processFetchTask","decl":{"start":{"line":117,"column":15},"end":{"line":117,"column":31}},"loc":{"start":{"line":117,"column":54},"end":{"line":186,"column":null}}},"3":{"name":"processMatchTask","decl":{"start":{"line":191,"column":15},"end":{"line":191,"column":31}},"loc":{"start":{"line":191,"column":54},"end":{"line":251,"column":null}}},"4":{"name":"processGenerateTask","decl":{"start":{"line":256,"column":15},"end":{"line":256,"column":34}},"loc":{"start":{"line":256,"column":57},"end":{"line":312,"column":null}}},"5":{"name":"processSendTask","decl":{"start":{"line":317,"column":15},"end":{"line":317,"column":30}},"loc":{"start":{"line":317,"column":53},"end":{"line":342,"column":null}}},"6":{"name":"processCleanupTask","decl":{"start":{"line":347,"column":15},"end":{"line":347,"column":33}},"loc":{"start":{"line":347,"column":56},"end":{"line":382,"column":null}}},"7":{"name":"getLastCheckTimestamp","decl":{"start":{"line":387,"column":15},"end":{"line":387,"column":36}},"loc":{"start":{"line":387,"column":36},"end":{"line":406,"column":null}}},"8":{"name":"updateLastCheckTimestamp","decl":{"start":{"line":411,"column":15},"end":{"line":411,"column":39}},"loc":{"start":{"line":411,"column":57},"end":{"line":433,"column":null}}},"9":{"name":"fetchNewOpportunities","decl":{"start":{"line":438,"column":15},"end":{"line":438,"column":36}},"loc":{"start":{"line":439,"column":22},"end":{"line":470,"column":null}}},"10":{"name":"(anonymous_27)","decl":{"start":{"line":451,"column":49},"end":{"line":451,"column":56}},"loc":{"start":{"line":451,"column":59},"end":{"line":461,"column":7}}},"11":{"name":"fetchDeadlinePrograms","decl":{"start":{"line":475,"column":15},"end":{"line":475,"column":36}},"loc":{"start":{"line":475,"column":36},"end":{"line":487,"column":null}}},"12":{"name":"processNextTask","decl":{"start":{"line":493,"column":22},"end":{"line":493,"column":37}},"loc":{"start":{"line":494,"column":33},"end":{"line":529,"column":null}}}},"branchMap":{"0":{"loc":{"start":{"line":27,"column":4},"end":{"line":48,"column":5}},"type":"switch","locations":[{"start":{"line":28,"column":6},"end":{"line":29,"column":43}},{"start":{"line":30,"column":6},"end":{"line":31,"column":44}},{"start":{"line":32,"column":6},"end":{"line":33,"column":44}},{"start":{"line":34,"column":6},"end":{"line":35,"column":47}},{"start":{"line":36,"column":6},"end":{"line":37,"column":43}},{"start":{"line":38,"column":6},"end":{"line":39,"column":46}},{"start":{"line":40,"column":6},"end":{"line":47,"column":21}}]},"1":{"loc":{"start":{"line":51,"column":25},"end":{"line":51,"column":79}},"type":"cond-expr","locations":[{"start":{"line":51,"column":50},"end":{"line":51,"column":63}},{"start":{"line":51,"column":66},"end":{"line":51,"column":79}}]},"2":{"loc":{"start":{"line":98,"column":21},"end":{"line":98,"column":34}},"type":"cond-expr","locations":[{"start":{"line":98,"column":30},"end":{"line":98,"column":32}},{"start":{"line":98,"column":21},"end":{"line":98,"column":34}}]},"3":{"loc":{"start":{"line":98,"column":21},"end":{"line":98,"column":32}},"type":"binary-expr","locations":[{"start":{"line":98,"column":21},"end":{"line":98,"column":32}},{"start":{"line":98,"column":21},"end":{"line":98,"column":32}}]},"4":{"loc":{"start":{"line":99,"column":24},"end":{"line":99,"column":40}},"type":"cond-expr","locations":[{"start":{"line":99,"column":36},"end":{"line":99,"column":38}},{"start":{"line":99,"column":24},"end":{"line":99,"column":40}}]},"5":{"loc":{"start":{"line":99,"column":24},"end":{"line":99,"column":38}},"type":"binary-expr","locations":[{"start":{"line":99,"column":24},"end":{"line":99,"column":38}},{"start":{"line":99,"column":24},"end":{"line":99,"column":38}}]},"6":{"loc":{"start":{"line":100,"column":23},"end":{"line":100,"column":38}},"type":"cond-expr","locations":[{"start":{"line":100,"column":34},"end":{"line":100,"column":36}},{"start":{"line":100,"column":23},"end":{"line":100,"column":38}}]},"7":{"loc":{"start":{"line":100,"column":23},"end":{"line":100,"column":36}},"type":"binary-expr","locations":[{"start":{"line":100,"column":23},"end":{"line":100,"column":36}},{"start":{"line":100,"column":23},"end":{"line":100,"column":36}}]},"8":{"loc":{"start":{"line":108,"column":25},"end":{"line":108,"column":79}},"type":"cond-expr","locations":[{"start":{"line":108,"column":50},"end":{"line":108,"column":63}},{"start":{"line":108,"column":66},"end":{"line":108,"column":79}}]},"9":{"loc":{"start":{"line":119,"column":37},"end":{"line":119,"column":58}},"type":"binary-expr","locations":[{"start":{"line":119,"column":37},"end":{"line":119,"column":52}},{"start":{"line":119,"column":56},"end":{"line":119,"column":58}}]},"10":{"loc":{"start":{"line":121,"column":4},"end":{"line":124,"column":5}},"type":"if","locations":[{"start":{"line":121,"column":4},"end":{"line":124,"column":5}}]},"11":{"loc":{"start":{"line":128,"column":4},"end":{"line":143,"column":5}},"type":"if","locations":[{"start":{"line":128,"column":4},"end":{"line":143,"column":5}},{"start":{"line":139,"column":11},"end":{"line":143,"column":5}}]},"12":{"loc":{"start":{"line":137,"column":37},"end":{"line":137,"column":74}},"type":"binary-expr","locations":[{"start":{"line":137,"column":37},"end":{"line":137,"column":46}},{"start":{"line":137,"column":50},"end":{"line":137,"column":74}}]},"13":{"loc":{"start":{"line":139,"column":11},"end":{"line":143,"column":5}},"type":"if","locations":[{"start":{"line":139,"column":11},"end":{"line":143,"column":5}}]},"14":{"loc":{"start":{"line":146,"column":4},"end":{"line":177,"column":5}},"type":"if","locations":[{"start":{"line":146,"column":4},"end":{"line":177,"column":5}},{"start":{"line":167,"column":11},"end":{"line":177,"column":5}}]},"15":{"loc":{"start":{"line":152,"column":28},"end":{"line":152,"column":76}},"type":"cond-expr","locations":[{"start":{"line":152,"column":50},"end":{"line":152,"column":63}},{"start":{"line":152,"column":66},"end":{"line":152,"column":76}}]},"16":{"loc":{"start":{"line":153,"column":21},"end":{"line":153,"column":58}},"type":"binary-expr","locations":[{"start":{"line":153,"column":21},"end":{"line":153,"column":30}},{"start":{"line":153,"column":34},"end":{"line":153,"column":58}}]},"17":{"loc":{"start":{"line":163,"column":23},"end":{"line":163,"column":36}},"type":"cond-expr","locations":[{"start":{"line":163,"column":32},"end":{"line":163,"column":34}},{"start":{"line":163,"column":23},"end":{"line":163,"column":36}}]},"18":{"loc":{"start":{"line":163,"column":23},"end":{"line":163,"column":34}},"type":"binary-expr","locations":[{"start":{"line":163,"column":23},"end":{"line":163,"column":34}},{"start":{"line":163,"column":23},"end":{"line":163,"column":34}}]},"19":{"loc":{"start":{"line":182,"column":25},"end":{"line":182,"column":79}},"type":"cond-expr","locations":[{"start":{"line":182,"column":50},"end":{"line":182,"column":63}},{"start":{"line":182,"column":66},"end":{"line":182,"column":79}}]},"20":{"loc":{"start":{"line":193,"column":43},"end":{"line":193,"column":64}},"type":"binary-expr","locations":[{"start":{"line":193,"column":43},"end":{"line":193,"column":58}},{"start":{"line":193,"column":62},"end":{"line":193,"column":64}}]},"21":{"loc":{"start":{"line":195,"column":4},"end":{"line":198,"column":5}},"type":"if","locations":[{"start":{"line":195,"column":4},"end":{"line":198,"column":5}}]},"22":{"loc":{"start":{"line":195,"column":8},"end":{"line":195,"column":38}},"type":"binary-expr","locations":[{"start":{"line":195,"column":8},"end":{"line":195,"column":17}},{"start":{"line":195,"column":21},"end":{"line":195,"column":38}}]},"23":{"loc":{"start":{"line":209,"column":4},"end":{"line":242,"column":5}},"type":"if","locations":[{"start":{"line":209,"column":4},"end":{"line":242,"column":5}},{"start":{"line":231,"column":11},"end":{"line":242,"column":5}}]},"24":{"loc":{"start":{"line":227,"column":26},"end":{"line":227,"column":42}},"type":"cond-expr","locations":[{"start":{"line":227,"column":38},"end":{"line":227,"column":40}},{"start":{"line":227,"column":26},"end":{"line":227,"column":42}}]},"25":{"loc":{"start":{"line":227,"column":26},"end":{"line":227,"column":40}},"type":"binary-expr","locations":[{"start":{"line":227,"column":26},"end":{"line":227,"column":40}},{"start":{"line":227,"column":26},"end":{"line":227,"column":40}}]},"26":{"loc":{"start":{"line":247,"column":25},"end":{"line":247,"column":79}},"type":"cond-expr","locations":[{"start":{"line":247,"column":50},"end":{"line":247,"column":63}},{"start":{"line":247,"column":66},"end":{"line":247,"column":79}}]},"27":{"loc":{"start":{"line":258,"column":42},"end":{"line":258,"column":63}},"type":"binary-expr","locations":[{"start":{"line":258,"column":42},"end":{"line":258,"column":57}},{"start":{"line":258,"column":61},"end":{"line":258,"column":63}}]},"28":{"loc":{"start":{"line":260,"column":4},"end":{"line":263,"column":5}},"type":"if","locations":[{"start":{"line":260,"column":4},"end":{"line":263,"column":5}}]},"29":{"loc":{"start":{"line":260,"column":8},"end":{"line":260,"column":37}},"type":"binary-expr","locations":[{"start":{"line":260,"column":8},"end":{"line":260,"column":16}},{"start":{"line":260,"column":20},"end":{"line":260,"column":37}}]},"30":{"loc":{"start":{"line":271,"column":4},"end":{"line":303,"column":5}},"type":"if","locations":[{"start":{"line":271,"column":4},"end":{"line":303,"column":5}},{"start":{"line":292,"column":11},"end":{"line":303,"column":5}}]},"31":{"loc":{"start":{"line":288,"column":22},"end":{"line":288,"column":34}},"type":"cond-expr","locations":[{"start":{"line":288,"column":30},"end":{"line":288,"column":32}},{"start":{"line":288,"column":22},"end":{"line":288,"column":34}}]},"32":{"loc":{"start":{"line":288,"column":22},"end":{"line":288,"column":32}},"type":"binary-expr","locations":[{"start":{"line":288,"column":22},"end":{"line":288,"column":32}},{"start":{"line":288,"column":22},"end":{"line":288,"column":32}}]},"33":{"loc":{"start":{"line":308,"column":25},"end":{"line":308,"column":79}},"type":"cond-expr","locations":[{"start":{"line":308,"column":50},"end":{"line":308,"column":63}},{"start":{"line":308,"column":66},"end":{"line":308,"column":79}}]},"34":{"loc":{"start":{"line":319,"column":28},"end":{"line":319,"column":49}},"type":"binary-expr","locations":[{"start":{"line":319,"column":28},"end":{"line":319,"column":43}},{"start":{"line":319,"column":47},"end":{"line":319,"column":49}}]},"35":{"loc":{"start":{"line":322,"column":50},"end":{"line":322,"column":67}},"type":"binary-expr","locations":[{"start":{"line":322,"column":50},"end":{"line":322,"column":61}},{"start":{"line":322,"column":65},"end":{"line":322,"column":67}}]},"36":{"loc":{"start":{"line":338,"column":25},"end":{"line":338,"column":79}},"type":"cond-expr","locations":[{"start":{"line":338,"column":50},"end":{"line":338,"column":63}},{"start":{"line":338,"column":66},"end":{"line":338,"column":79}}]},"37":{"loc":{"start":{"line":349,"column":27},"end":{"line":349,"column":48}},"type":"binary-expr","locations":[{"start":{"line":349,"column":27},"end":{"line":349,"column":42}},{"start":{"line":349,"column":46},"end":{"line":349,"column":48}}]},"38":{"loc":{"start":{"line":352,"column":28},"end":{"line":352,"column":43}},"type":"binary-expr","locations":[{"start":{"line":352,"column":28},"end":{"line":352,"column":38}},{"start":{"line":352,"column":42},"end":{"line":352,"column":43}}]},"39":{"loc":{"start":{"line":370,"column":22},"end":{"line":370,"column":39}},"type":"binary-expr","locations":[{"start":{"line":370,"column":22},"end":{"line":370,"column":34}},{"start":{"line":370,"column":38},"end":{"line":370,"column":39}}]},"40":{"loc":{"start":{"line":378,"column":25},"end":{"line":378,"column":79}},"type":"cond-expr","locations":[{"start":{"line":378,"column":50},"end":{"line":378,"column":63}},{"start":{"line":378,"column":66},"end":{"line":378,"column":79}}]},"41":{"loc":{"start":{"line":395,"column":4},"end":{"line":398,"column":5}},"type":"if","locations":[{"start":{"line":395,"column":4},"end":{"line":398,"column":5}}]},"42":{"loc":{"start":{"line":395,"column":8},"end":{"line":395,"column":22}},"type":"binary-expr","locations":[{"start":{"line":395,"column":8},"end":{"line":395,"column":13}},{"start":{"line":395,"column":17},"end":{"line":395,"column":22}}]},"43":{"loc":{"start":{"line":422,"column":4},"end":{"line":425,"column":5}},"type":"if","locations":[{"start":{"line":422,"column":4},"end":{"line":425,"column":5}}]},"44":{"loc":{"start":{"line":449,"column":4},"end":{"line":462,"column":5}},"type":"if","locations":[{"start":{"line":449,"column":4},"end":{"line":462,"column":5}}]},"45":{"loc":{"start":{"line":452,"column":8},"end":{"line":452,"column":52}},"type":"if","locations":[{"start":{"line":452,"column":8},"end":{"line":452,"column":52}}]},"46":{"loc":{"start":{"line":505,"column":4},"end":{"line":512,"column":5}},"type":"if","locations":[{"start":{"line":505,"column":4},"end":{"line":512,"column":5}}]},"47":{"loc":{"start":{"line":508,"column":15},"end":{"line":510,"column":30}},"type":"cond-expr","locations":[{"start":{"line":509,"column":12},"end":{"line":509,"column":50}},{"start":{"line":510,"column":12},"end":{"line":510,"column":30}}]},"48":{"loc":{"start":{"line":526,"column":13},"end":{"line":526,"column":67}},"type":"cond-expr","locations":[{"start":{"line":526,"column":38},"end":{"line":526,"column":51}},{"start":{"line":526,"column":54},"end":{"line":526,"column":67}}]}},"s":{"0":0,"1":0,"2":0,"3":0,"4":0,"5":0,"6":0,"7":0,"8":0,"9":0,"10":0,"11":0,"12":0,"13":0,"14":0,"15":0,"16":0,"17":0,"18":0,"19":0,"20":0,"21":0,"22":0,"23":0,"24":0,"25":0,"26":0,"27":0,"28":0,"29":0,"30":0,"31":0,"32":0,"33":0,"34":0,"35":0,"36":0,"37":0,"38":0,"39":0,"40":0,"41":0,"42":0,"43":0,"44":0,"45":0,"46":0,"47":0,"48":0,"49":0,"50":0,"51":0,"52":0,"53":0,"54":0,"55":0,"56":0,"57":0,"58":0,"59":0,"60":0,"61":0,"62":0,"63":0,"64":0,"65":0,"66":0,"67":0,"68":0,"69":0,"70":0,"71":0,"72":0,"73":0,"74":0,"75":0,"76":0,"77":0,"78":0,"79":0,"80":0,"81":0,"82":0,"83":0,"84":0,"85":0,"86":0,"87":0,"88":0,"89":0,"90":0,"91":0,"92":0,"93":0,"94":0,"95":0,"96":0,"97":0,"98":0,"99":0,"100":0,"101":0,"102":0,"103":0,"104":0,"105":0,"106":0,"107":0,"108":0,"109":0,"110":0,"111":0,"112":0,"113":0,"114":0,"115":0,"116":0,"117":0,"118":0,"119":0,"120":0,"121":0,"122":0,"123":0,"124":0,"125":0,"126":0,"127":0,"128":0,"129":0,"130":0,"131":0,"132":0,"133":0,"134":0,"135":0,"136":0,"137":0,"138":0,"139":0,"140":0,"141":0,"142":0,"143":0,"144":0,"145":0,"146":0,"147":0,"148":0,"149":0,"150":0,"151":0,"152":0,"153":0,"154":0,"155":0,"156":0,"157":0},"f":{"0":0,"1":0,"2":0,"3":0,"4":0,"5":0,"6":0,"7":0,"8":0,"9":0,"10":0,"11":0,"12":0},"b":{"0":[0,0,0,0,0,0,0],"1":[0,0],"2":[0,0],"3":[0,0],"4":[0,0],"5":[0,0],"6":[0,0],"7":[0,0],"8":[0,0],"9":[0,0],"10":[0],"11":[0,0],"12":[0,0],"13":[0],"14":[0,0],"15":[0,0],"16":[0,0],"17":[0,0],"18":[0,0],"19":[0,0],"20":[0,0],"21":[0],"22":[0,0],"23":[0,0],"24":[0,0],"25":[0,0],"26":[0,0],"27":[0,0],"28":[0],"29":[0,0],"30":[0,0],"31":[0,0],"32":[0,0],"33":[0,0],"34":[0,0],"35":[0,0],"36":[0,0],"37":[0,0],"38":[0,0],"39":[0,0],"40":[0,0],"41":[0],"42":[0,0],"43":[0],"44":[0],"45":[0],"46":[0],"47":[0,0],"48":[0,0]}}
,"/Users/alex/Downloads/government-saas/src/services/notificationTaskService.ts": {"path":"/Users/alex/Downloads/government-saas/src/services/notificationTaskService.ts","statementMap":{"0":{"start":{"line":46,"column":0},"end":{"line":46,"column":22}},"1":{"start":{"line":105,"column":0},"end":{"line":105,"column":22}},"2":{"start":{"line":140,"column":0},"end":{"line":140,"column":22}},"3":{"start":{"line":174,"column":0},"end":{"line":174,"column":22}},"4":{"start":{"line":226,"column":0},"end":{"line":226,"column":22}},"5":{"start":{"line":276,"column":0},"end":{"line":276,"column":22}},"6":{"start":{"line":302,"column":0},"end":{"line":302,"column":22}},"7":{"start":{"line":325,"column":0},"end":{"line":325,"column":22}},"8":{"start":{"line":1,"column":0},"end":{"line":1,"column":38}},"9":{"start":{"line":47,"column":2},"end":{"line":99,"column":3}},"10":{"start":{"line":49,"column":34},"end":{"line":52,"column":15}},"11":{"start":{"line":55,"column":4},"end":{"line":58,"column":5}},"12":{"start":{"line":56,"column":6},"end":{"line":56,"column":61}},"13":{"start":{"line":57,"column":6},"end":{"line":57,"column":18}},"14":{"start":{"line":61,"column":22},"end":{"line":61,"column":75}},"15":{"start":{"line":63,"column":4},"end":{"line":92,"column":5}},"16":{"start":{"line":64,"column":6},"end":{"line":64,"column":79}},"17":{"start":{"line":67,"column":24},"end":{"line":84,"column":8}},"18":{"start":{"line":86,"column":34},"end":{"line":86,"column":83}},"19":{"start":{"line":88,"column":6},"end":{"line":91,"column":7}},"20":{"start":{"line":89,"column":8},"end":{"line":89,"column":72}},"21":{"start":{"line":90,"column":8},"end":{"line":90,"column":21}},"22":{"start":{"line":94,"column":4},"end":{"line":94,"column":65}},"23":{"start":{"line":95,"column":4},"end":{"line":95,"column":16}},"24":{"start":{"line":97,"column":4},"end":{"line":97,"column":60}},"25":{"start":{"line":98,"column":4},"end":{"line":98,"column":17}},"26":{"start":{"line":106,"column":2},"end":{"line":135,"column":null}},"27":{"start":{"line":110,"column":2},"end":{"line":134,"column":3}},"28":{"start":{"line":111,"column":35},"end":{"line":117,"column":6}},"29":{"start":{"line":119,"column":28},"end":{"line":123,"column":15}},"30":{"start":{"line":125,"column":4},"end":{"line":128,"column":5}},"31":{"start":{"line":126,"column":6},"end":{"line":126,"column":51}},"32":{"start":{"line":127,"column":6},"end":{"line":127,"column":18}},"33":{"start":{"line":130,"column":4},"end":{"line":130,"column":16}},"34":{"start":{"line":132,"column":4},"end":{"line":132,"column":49}},"35":{"start":{"line":133,"column":4},"end":{"line":133,"column":16}},"36":{"start":{"line":143,"column":2},"end":{"line":168,"column":3}},"37":{"start":{"line":144,"column":16},"end":{"line":149,"column":15}},"38":{"start":{"line":151,"column":4},"end":{"line":153,"column":5}},"39":{"start":{"line":152,"column":6},"end":{"line":152,"column":46}},"40":{"start":{"line":155,"column":28},"end":{"line":155,"column":48}},"41":{"start":{"line":157,"column":4},"end":{"line":162,"column":5}},"42":{"start":{"line":158,"column":6},"end":{"line":160,"column":7}},"43":{"start":{"line":159,"column":8},"end":{"line":159,"column":65}},"44":{"start":{"line":161,"column":6},"end":{"line":161,"column":18}},"45":{"start":{"line":164,"column":4},"end":{"line":164,"column":16}},"46":{"start":{"line":166,"column":4},"end":{"line":166,"column":57}},"47":{"start":{"line":167,"column":4},"end":{"line":167,"column":16}},"48":{"start":{"line":180,"column":2},"end":{"line":220,"column":3}},"49":{"start":{"line":181,"column":47},"end":{"line":184,"column":6}},"50":{"start":{"line":187,"column":4},"end":{"line":189,"column":5}},"51":{"start":{"line":188,"column":6},"end":{"line":188,"column":52}},"52":{"start":{"line":192,"column":4},"end":{"line":194,"column":5}},"53":{"start":{"line":193,"column":6},"end":{"line":193,"column":54}},"54":{"start":{"line":197,"column":4},"end":{"line":199,"column":5}},"55":{"start":{"line":198,"column":6},"end":{"line":198,"column":30}},"56":{"start":{"line":202,"column":4},"end":{"line":204,"column":5}},"57":{"start":{"line":203,"column":6},"end":{"line":203,"column":28}},"58":{"start":{"line":206,"column":35},"end":{"line":209,"column":23}},"59":{"start":{"line":211,"column":4},"end":{"line":214,"column":5}},"60":{"start":{"line":212,"column":6},"end":{"line":212,"column":64}},"61":{"start":{"line":213,"column":6},"end":{"line":213,"column":19}},"62":{"start":{"line":216,"column":4},"end":{"line":216,"column":16}},"63":{"start":{"line":218,"column":4},"end":{"line":218,"column":55}},"64":{"start":{"line":219,"column":4},"end":{"line":219,"column":17}},"65":{"start":{"line":227,"column":2},"end":{"line":270,"column":null}},"66":{"start":{"line":231,"column":2},"end":{"line":269,"column":3}},"67":{"start":{"line":233,"column":40},"end":{"line":237,"column":15}},"68":{"start":{"line":239,"column":4},"end":{"line":242,"column":5}},"69":{"start":{"line":240,"column":6},"end":{"line":240,"column":66}},"70":{"start":{"line":241,"column":6},"end":{"line":241,"column":19}},"71":{"start":{"line":244,"column":30},"end":{"line":244,"column":51}},"72":{"start":{"line":245,"column":26},"end":{"line":245,"column":47}},"73":{"start":{"line":248,"column":34},"end":{"line":248,"column":82}},"74":{"start":{"line":250,"column":35},"end":{"line":258,"column":23}},"75":{"start":{"line":260,"column":4},"end":{"line":263,"column":5}},"76":{"start":{"line":261,"column":6},"end":{"line":261,"column":66}},"77":{"start":{"line":262,"column":6},"end":{"line":262,"column":19}},"78":{"start":{"line":265,"column":4},"end":{"line":265,"column":16}},"79":{"start":{"line":267,"column":4},"end":{"line":267,"column":55}},"80":{"start":{"line":268,"column":4},"end":{"line":268,"column":17}},"81":{"start":{"line":277,"column":2},"end":{"line":296,"column":3}},"82":{"start":{"line":278,"column":28},"end":{"line":285,"column":15}},"83":{"start":{"line":287,"column":4},"end":{"line":290,"column":5}},"84":{"start":{"line":288,"column":6},"end":{"line":288,"column":59}},"85":{"start":{"line":289,"column":6},"end":{"line":289,"column":15}},"86":{"start":{"line":292,"column":4},"end":{"line":292,"column":29}},"87":{"start":{"line":294,"column":4},"end":{"line":294,"column":54}},"88":{"start":{"line":295,"column":4},"end":{"line":295,"column":13}},"89":{"start":{"line":303,"column":2},"end":{"line":319,"column":3}},"90":{"start":{"line":304,"column":28},"end":{"line":308,"column":47}},"91":{"start":{"line":310,"column":4},"end":{"line":313,"column":5}},"92":{"start":{"line":311,"column":6},"end":{"line":311,"column":57}},"93":{"start":{"line":312,"column":6},"end":{"line":312,"column":16}},"94":{"start":{"line":315,"column":4},"end":{"line":315,"column":22}},"95":{"start":{"line":317,"column":4},"end":{"line":317,"column":52}},"96":{"start":{"line":318,"column":4},"end":{"line":318,"column":14}},"97":{"start":{"line":325,"column":38},"end":{"line":347,"column":null}},"98":{"start":{"line":326,"column":2},"end":{"line":346,"column":3}},"99":{"start":{"line":327,"column":23},"end":{"line":327,"column":33}},"100":{"start":{"line":328,"column":4},"end":{"line":328,"column":58}},"101":{"start":{"line":330,"column":28},"end":{"line":335,"column":15}},"102":{"start":{"line":337,"column":4},"end":{"line":340,"column":5}},"103":{"start":{"line":338,"column":6},"end":{"line":338,"column":59}},"104":{"start":{"line":339,"column":6},"end":{"line":339,"column":15}},"105":{"start":{"line":342,"column":4},"end":{"line":342,"column":29}},"106":{"start":{"line":344,"column":4},"end":{"line":344,"column":54}},"107":{"start":{"line":345,"column":4},"end":{"line":345,"column":13}}},"fnMap":{"0":{"name":"initializeTaskSystem","decl":{"start":{"line":46,"column":22},"end":{"line":46,"column":42}},"loc":{"start":{"line":46,"column":42},"end":{"line":100,"column":null}}},"1":{"name":"createTask","decl":{"start":{"line":105,"column":22},"end":{"line":105,"column":32}},"loc":{"start":{"line":105,"column":32},"end":{"line":135,"column":null}}},"2":{"name":"(anonymous_10)","decl":{"start":{"line":106,"column":2},"end":{"line":106,"column":32}},"loc":{"start":{"line":108,"column":23},"end":{"line":135,"column":1}}},"3":{"name":"getNextPendingTask","decl":{"start":{"line":140,"column":22},"end":{"line":140,"column":40}},"loc":{"start":{"line":141,"column":33},"end":{"line":169,"column":null}}},"4":{"name":"updateTaskStatus","decl":{"start":{"line":174,"column":22},"end":{"line":174,"column":38}},"loc":{"start":{"line":178,"column":16},"end":{"line":221,"column":null}}},"5":{"name":"markTaskForRetry","decl":{"start":{"line":226,"column":22},"end":{"line":226,"column":38}},"loc":{"start":{"line":226,"column":38},"end":{"line":270,"column":null}}},"6":{"name":"(anonymous_16)","decl":{"start":{"line":227,"column":2},"end":{"line":227,"column":16}},"loc":{"start":{"line":229,"column":24},"end":{"line":270,"column":1}}},"7":{"name":"resetRetryTasks","decl":{"start":{"line":276,"column":22},"end":{"line":276,"column":37}},"loc":{"start":{"line":276,"column":37},"end":{"line":297,"column":null}}},"8":{"name":"getChildTasks","decl":{"start":{"line":302,"column":22},"end":{"line":302,"column":35}},"loc":{"start":{"line":302,"column":56},"end":{"line":320,"column":null}}},"9":{"name":"cleanupOldTasks","decl":{"start":{"line":325,"column":22},"end":{"line":325,"column":37}},"loc":{"start":{"line":325,"column":37},"end":{"line":347,"column":null}}},"10":{"name":"(anonymous_22)","decl":{"start":{"line":325,"column":38},"end":{"line":325,"column":59}},"loc":{"start":{"line":325,"column":60},"end":{"line":347,"column":1}}}},"branchMap":{"0":{"loc":{"start":{"line":55,"column":4},"end":{"line":58,"column":5}},"type":"if","locations":[{"start":{"line":55,"column":4},"end":{"line":58,"column":5}}]},"1":{"loc":{"start":{"line":63,"column":4},"end":{"line":92,"column":5}},"type":"if","locations":[{"start":{"line":63,"column":4},"end":{"line":92,"column":5}}]},"2":{"loc":{"start":{"line":88,"column":6},"end":{"line":91,"column":7}},"type":"if","locations":[{"start":{"line":88,"column":6},"end":{"line":91,"column":7}}]},"3":{"loc":{"start":{"line":107,"column":2},"end":{"line":107,"column":38}},"type":"default-arg","locations":[{"start":{"line":107,"column":36},"end":{"line":107,"column":38}}]},"4":{"loc":{"start":{"line":116,"column":22},"end":{"line":116,"column":42}},"type":"binary-expr","locations":[{"start":{"line":116,"column":22},"end":{"line":116,"column":34}},{"start":{"line":116,"column":38},"end":{"line":116,"column":42}}]},"5":{"loc":{"start":{"line":125,"column":4},"end":{"line":128,"column":5}},"type":"if","locations":[{"start":{"line":125,"column":4},"end":{"line":128,"column":5}}]},"6":{"loc":{"start":{"line":151,"column":4},"end":{"line":153,"column":5}},"type":"if","locations":[{"start":{"line":151,"column":4},"end":{"line":153,"column":5}}]},"7":{"loc":{"start":{"line":157,"column":4},"end":{"line":162,"column":5}},"type":"if","locations":[{"start":{"line":157,"column":4},"end":{"line":162,"column":5}}]},"8":{"loc":{"start":{"line":158,"column":6},"end":{"line":160,"column":7}},"type":"if","locations":[{"start":{"line":158,"column":6},"end":{"line":160,"column":7}}]},"9":{"loc":{"start":{"line":187,"column":4},"end":{"line":189,"column":5}},"type":"if","locations":[{"start":{"line":187,"column":4},"end":{"line":189,"column":5}}]},"10":{"loc":{"start":{"line":192,"column":4},"end":{"line":194,"column":5}},"type":"if","locations":[{"start":{"line":192,"column":4},"end":{"line":194,"column":5}}]},"11":{"loc":{"start":{"line":197,"column":4},"end":{"line":199,"column":5}},"type":"if","locations":[{"start":{"line":197,"column":4},"end":{"line":199,"column":5}}]},"12":{"loc":{"start":{"line":202,"column":4},"end":{"line":204,"column":5}},"type":"if","locations":[{"start":{"line":202,"column":4},"end":{"line":204,"column":5}}]},"13":{"loc":{"start":{"line":211,"column":4},"end":{"line":214,"column":5}},"type":"if","locations":[{"start":{"line":211,"column":4},"end":{"line":214,"column":5}}]},"14":{"loc":{"start":{"line":229,"column":2},"end":{"line":229,"column":24}},"type":"default-arg","locations":[{"start":{"line":229,"column":23},"end":{"line":229,"column":24}}]},"15":{"loc":{"start":{"line":239,"column":4},"end":{"line":242,"column":5}},"type":"if","locations":[{"start":{"line":239,"column":4},"end":{"line":242,"column":5}}]},"16":{"loc":{"start":{"line":244,"column":30},"end":{"line":244,"column":51}},"type":"binary-expr","locations":[{"start":{"line":244,"column":30},"end":{"line":244,"column":46}},{"start":{"line":244,"column":50},"end":{"line":244,"column":51}}]},"17":{"loc":{"start":{"line":248,"column":34},"end":{"line":248,"column":82}},"type":"cond-expr","locations":[{"start":{"line":248,"column":64},"end":{"line":248,"column":71}},{"start":{"line":248,"column":74},"end":{"line":248,"column":82}}]},"18":{"loc":{"start":{"line":260,"column":4},"end":{"line":263,"column":5}},"type":"if","locations":[{"start":{"line":260,"column":4},"end":{"line":263,"column":5}}]},"19":{"loc":{"start":{"line":287,"column":4},"end":{"line":290,"column":5}},"type":"if","locations":[{"start":{"line":287,"column":4},"end":{"line":290,"column":5}}]},"20":{"loc":{"start":{"line":292,"column":11},"end":{"line":292,"column":28}},"type":"binary-expr","locations":[{"start":{"line":292,"column":11},"end":{"line":292,"column":23}},{"start":{"line":292,"column":27},"end":{"line":292,"column":28}}]},"21":{"loc":{"start":{"line":292,"column":11},"end":{"line":292,"column":23}},"type":"cond-expr","locations":[{"start":{"line":292,"column":15},"end":{"line":292,"column":17}},{"start":{"line":292,"column":11},"end":{"line":292,"column":23}}]},"22":{"loc":{"start":{"line":292,"column":11},"end":{"line":292,"column":17}},"type":"binary-expr","locations":[{"start":{"line":292,"column":11},"end":{"line":292,"column":17}},{"start":{"line":292,"column":11},"end":{"line":292,"column":17}}]},"23":{"loc":{"start":{"line":310,"column":4},"end":{"line":313,"column":5}},"type":"if","locations":[{"start":{"line":310,"column":4},"end":{"line":313,"column":5}}]},"24":{"loc":{"start":{"line":315,"column":11},"end":{"line":315,"column":21}},"type":"binary-expr","locations":[{"start":{"line":315,"column":11},"end":{"line":315,"column":15}},{"start":{"line":315,"column":19},"end":{"line":315,"column":21}}]},"25":{"loc":{"start":{"line":325,"column":38},"end":{"line":325,"column":60}},"type":"default-arg","locations":[{"start":{"line":325,"column":59},"end":{"line":325,"column":60}}]},"26":{"loc":{"start":{"line":337,"column":4},"end":{"line":340,"column":5}},"type":"if","locations":[{"start":{"line":337,"column":4},"end":{"line":340,"column":5}}]},"27":{"loc":{"start":{"line":342,"column":11},"end":{"line":342,"column":28}},"type":"binary-expr","locations":[{"start":{"line":342,"column":11},"end":{"line":342,"column":23}},{"start":{"line":342,"column":27},"end":{"line":342,"column":28}}]},"28":{"loc":{"start":{"line":342,"column":11},"end":{"line":342,"column":23}},"type":"cond-expr","locations":[{"start":{"line":342,"column":15},"end":{"line":342,"column":17}},{"start":{"line":342,"column":11},"end":{"line":342,"column":23}}]},"29":{"loc":{"start":{"line":342,"column":11},"end":{"line":342,"column":17}},"type":"binary-expr","locations":[{"start":{"line":342,"column":11},"end":{"line":342,"column":17}},{"start":{"line":342,"column":11},"end":{"line":342,"column":17}}]}},"s":{"0":0,"1":0,"2":0,"3":0,"4":0,"5":0,"6":0,"7":0,"8":0,"9":0,"10":0,"11":0,"12":0,"13":0,"14":0,"15":0,"16":0,"17":0,"18":0,"19":0,"20":0,"21":0,"22":0,"23":0,"24":0,"25":0,"26":0,"27":0,"28":0,"29":0,"30":0,"31":0,"32":0,"33":0,"34":0,"35":0,"36":0,"37":0,"38":0,"39":0,"40":0,"41":0,"42":0,"43":0,"44":0,"45":0,"46":0,"47":0,"48":0,"49":0,"50":0,"51":0,"52":0,"53":0,"54":0,"55":0,"56":0,"57":0,"58":0,"59":0,"60":0,"61":0,"62":0,"63":0,"64":0,"65":0,"66":0,"67":0,"68":0,"69":0,"70":0,"71":0,"72":0,"73":0,"74":0,"75":0,"76":0,"77":0,"78":0,"79":0,"80":0,"81":0,"82":0,"83":0,"84":0,"85":0,"86":0,"87":0,"88":0,"89":0,"90":0,"91":0,"92":0,"93":0,"94":0,"95":0,"96":0,"97":0,"98":0,"99":0,"100":0,"101":0,"102":0,"103":0,"104":0,"105":0,"106":0,"107":0},"f":{"0":0,"1":0,"2":0,"3":0,"4":0,"5":0,"6":0,"7":0,"8":0,"9":0,"10":0},"b":{"0":[0],"1":[0],"2":[0],"3":[0],"4":[0,0],"5":[0],"6":[0],"7":[0],"8":[0],"9":[0],"10":[0],"11":[0],"12":[0],"13":[0],"14":[0],"15":[0],"16":[0,0],"17":[0,0],"18":[0],"19":[0],"20":[0,0],"21":[0,0],"22":[0,0],"23":[0],"24":[0,0],"25":[0],"26":[0],"27":[0,0],"28":[0,0],"29":[0,0]}}
}
