TN:
SF:src/services/kakaoNotificationService.ts
FN:32,sendKakaoNotification
FN:127,createMessageQueueEntry
FN:173,processNewProgramMatches
FN:196,(anonymous_4)
FN:199,(anonymous_5)
FN:203,(anonymous_6)
FN:237,processDeadlineNotifications
FN:280,(anonymous_8)
FN:283,(anonymous_9)
FN:287,(anonymous_10)
FN:323,calculateBackoffTime
FN:337,processMessageQueue
FN:362,(anonymous_13)
FN:399,(anonymous_14)
FNF:14
FNH:0
FNDA:0,sendKakaoNotification
FNDA:0,createMessageQueueEntry
FNDA:0,processNewProgramMatches
FNDA:0,(anonymous_4)
FNDA:0,(anonymous_5)
FNDA:0,(anonymous_6)
FNDA:0,processDeadlineNotifications
FNDA:0,(anonymous_8)
FNDA:0,(anonymous_9)
FNDA:0,(anonymous_10)
FNDA:0,calculateBackoffTime
FNDA:0,processMessageQueue
FNDA:0,(anonymous_13)
FNDA:0,(anonymous_14)
DA:1,0
DA:2,0
DA:5,0
DA:7,0
DA:8,0
DA:32,0
DA:36,0
DA:38,0
DA:44,0
DA:45,0
DA:46,0
DA:50,0
DA:51,0
DA:52,0
DA:53,0
DA:56,0
DA:61,0
DA:63,0
DA:65,0
DA:66,0
DA:67,0
DA:68,0
DA:69,0
DA:72,0
DA:74,0
DA:95,0
DA:96,0
DA:98,0
DA:102,0
DA:103,0
DA:104,0
DA:112,0
DA:113,0
DA:119,0
DA:120,0
DA:127,0
DA:135,0
DA:137,0
DA:146,0
DA:157,0
DA:158,0
DA:159,0
DA:162,0
DA:164,0
DA:165,0
DA:173,0
DA:174,0
DA:176,0
DA:182,0
DA:183,0
DA:184,0
DA:187,0
DA:188,0
DA:191,0
DA:192,0
DA:193,0
DA:196,0
DA:198,0
DA:199,0
DA:202,0
DA:203,0
DA:205,0
DA:209,0
DA:210,0
DA:219,0
DA:220,0
DA:222,0
DA:227,0
DA:229,0
DA:230,0
DA:237,0
DA:238,0
DA:240,0
DA:246,0
DA:247,0
DA:248,0
DA:251,0
DA:252,0
DA:255,0
DA:256,0
DA:257,0
DA:258,0
DA:261,0
DA:262,0
DA:263,0
DA:267,0
DA:273,0
DA:274,0
DA:275,0
DA:276,0
DA:280,0
DA:282,0
DA:283,0
DA:286,0
DA:287,0
DA:289,0
DA:293,0
DA:294,0
DA:303,0
DA:304,0
DA:306,0
DA:311,0
DA:313,0
DA:314,0
DA:324,0
DA:325,0
DA:326,0
DA:329,0
DA:330,0
DA:337,0
DA:338,0
DA:340,0
DA:341,0
DA:344,0
DA:351,0
DA:352,0
DA:353,0
DA:356,0
DA:357,0
DA:358,0
DA:361,0
DA:362,0
DA:363,0
DA:370,0
DA:371,0
DA:373,0
DA:378,0
DA:380,0
DA:390,0
DA:391,0
DA:400,0
DA:401,0
DA:406,0
DA:407,0
DA:409,0
DA:418,0
DA:427,0
DA:430,0
DA:431,0
DA:433,0
DA:435,0
DA:445,0
DA:448,0
DA:449,0
DA:451,0
DA:462,0
DA:466,0
DA:469,0
DA:470,0
DA:472,0
DA:473,0
DA:483,0
DA:485,0
DA:486,0
DA:488,0
DA:499,0
DA:504,0
DA:506,0
DA:507,0
LF:159
LH:0
BRDA:44,0,0,0
BRDA:44,1,0,0
BRDA:44,1,1,0
BRDA:51,2,0,0
BRDA:51,2,1,0
BRDA:56,3,0,0
BRDA:56,3,1,0
BRDA:63,4,0,0
BRDA:95,5,0,0
BRDA:95,5,1,0
BRDA:102,6,0,0
BRDA:102,7,0,0
BRDA:102,7,1,0
BRDA:133,8,0,0
BRDA:157,9,0,0
BRDA:182,10,0,0
BRDA:192,11,0,0
BRDA:192,11,1,0
BRDA:193,12,0,0
BRDA:193,12,1,0
BRDA:198,13,0,0
BRDA:198,13,1,0
BRDA:202,14,0,0
BRDA:202,14,1,0
BRDA:205,15,0,0
BRDA:205,15,1,0
BRDA:214,16,0,0
BRDA:214,16,1,0
BRDA:216,17,0,0
BRDA:216,17,1,0
BRDA:219,18,0,0
BRDA:219,18,1,0
BRDA:246,19,0,0
BRDA:256,20,0,0
BRDA:256,20,1,0
BRDA:257,21,0,0
BRDA:257,21,1,0
BRDA:258,22,0,0
BRDA:258,22,1,0
BRDA:273,23,0,0
BRDA:282,24,0,0
BRDA:282,24,1,0
BRDA:286,25,0,0
BRDA:286,25,1,0
BRDA:287,26,0,0
BRDA:287,26,1,0
BRDA:289,27,0,0
BRDA:289,27,1,0
BRDA:298,28,0,0
BRDA:298,28,1,0
BRDA:300,29,0,0
BRDA:300,29,1,0
BRDA:303,30,0,0
BRDA:303,30,1,0
BRDA:337,31,0,0
BRDA:351,32,0,0
BRDA:361,33,0,0
BRDA:378,34,0,0
BRDA:378,34,1,0
BRDA:390,35,0,0
BRDA:396,36,0,0
BRDA:396,36,1,0
BRDA:400,37,0,0
BRDA:407,38,0,0
BRDA:407,38,1,0
BRDA:433,39,0,0
BRDA:433,39,1,0
BRDA:439,40,0,0
BRDA:439,40,1,0
BRDA:472,41,0,0
BRDA:472,41,1,0
BRF:71
BRH:0
end_of_record
TN:
SF:src/services/notificationGenerationService.ts
FN:36,generateNotifications
FN:67,(anonymous_1)
FN:156,queueNotifications
FN:203,processMatchesIntoNotifications
FN:245,processGroupedMatchesIntoNotifications
FNF:5
FNH:5
FNDA:8,generateNotifications
FNDA:4,(anonymous_1)
FNDA:6,queueNotifications
FNDA:4,processMatchesIntoNotifications
FNDA:2,processGroupedMatchesIntoNotifications
DA:4,2
DA:36,2
DA:40,8
DA:48,8
DA:51,8
DA:53,8
DA:54,13
DA:55,9
DA:58,13
DA:61,7
DA:64,7
DA:66,9
DA:67,4
DA:71,9
DA:72,12
DA:75,12
DA:77,12
DA:78,9
DA:84,11
DA:85,11
DA:88,11
DA:89,11
DA:92,11
DA:93,11
DA:97,11
DA:98,4
DA:102,11
DA:103,4
DA:107,11
DA:108,11
DA:109,11
DA:114,11
DA:115,9
DA:116,9
DA:118,9
DA:119,9
DA:122,9
DA:123,9
DA:126,9
DA:130,11
DA:141,6
DA:144,2
DA:145,2
DA:156,2
DA:160,6
DA:161,6
DA:162,6
DA:165,6
DA:167,11
DA:170,11
DA:179,11
DA:180,10
DA:182,1
DA:183,1
DA:187,6
DA:190,0
DA:191,0
DA:203,2
DA:208,4
DA:210,4
DA:211,1
DA:215,3
DA:218,3
DA:219,0
DA:223,3
DA:225,3
DA:232,0
DA:233,0
DA:245,2
DA:250,2
DA:251,2
DA:252,2
DA:253,2
DA:256,2
DA:257,2
DA:259,2
DA:265,2
DA:266,2
DA:267,2
DA:270,2
DA:277,0
DA:278,0
LF:82
LH:75
BRDA:38,0,0,4
BRDA:43,1,0,7
BRDA:44,2,0,8
BRDA:45,3,0,7
BRDA:46,4,0,7
BRDA:47,5,0,7
BRDA:54,6,0,9
BRDA:77,7,0,9
BRDA:77,8,0,12
BRDA:77,8,1,10
BRDA:78,9,0,0
BRDA:78,9,1,9
BRDA:84,10,0,11
BRDA:88,11,0,11
BRDA:88,11,1,0
BRDA:88,11,2,0
BRDA:92,12,0,11
BRDA:97,13,0,4
BRDA:102,14,0,4
BRDA:107,15,0,11
BRDA:108,16,0,9
BRDA:108,16,1,2
BRDA:114,17,0,9
BRDA:114,18,0,11
BRDA:114,18,1,9
BRDA:114,18,2,0
BRDA:115,19,0,9
BRDA:115,19,1,0
BRDA:118,20,0,9
BRDA:122,21,0,9
BRDA:135,22,0,11
BRDA:135,22,1,8
BRDA:158,23,0,2
BRDA:167,24,0,11
BRDA:167,24,1,0
BRDA:179,25,0,10
BRDA:179,25,1,1
BRDA:205,26,0,2
BRDA:206,27,0,2
BRDA:210,28,0,1
BRDA:210,29,0,4
BRDA:210,29,1,4
BRDA:218,30,0,0
BRDA:247,31,0,2
BRDA:248,32,0,2
BRF:45
BRH:38
end_of_record
TN:
SF:src/services/notificationMatchingService.ts
FN:37,matchUserPreferencesWithOpportunities
FN:92,(anonymous_1)
FN:144,(anonymous_2)
FN:145,(anonymous_3)
FN:169,(anonymous_4)
FN:170,(anonymous_5)
FN:204,(anonymous_6)
FN:215,checkIfNotificationSent
FN:248,recordSentNotification
FN:283,matchOpportunitiesWithUsers
FN:328,(anonymous_10)
FNF:11
FNH:8
FNDA:5,matchUserPreferencesWithOpportunities
FNDA:0,(anonymous_1)
FNDA:8,(anonymous_2)
FNDA:8,(anonymous_3)
FNDA:12,(anonymous_4)
FNDA:12,(anonymous_5)
FNDA:3,(anonymous_6)
FNDA:2,checkIfNotificationSent
FNDA:2,recordSentNotification
FNDA:0,matchOpportunitiesWithUsers
FNDA:0,(anonymous_10)
DA:1,2
DA:37,2
DA:43,5
DA:50,5
DA:53,5
DA:54,5
DA:55,1
DA:61,1
DA:62,0
DA:63,0
DA:66,1
DA:83,5
DA:85,5
DA:86,5
DA:91,5
DA:92,0
DA:93,0
DA:94,0
DA:100,5
DA:101,5
DA:104,5
DA:105,1
DA:106,1
DA:110,4
DA:112,4
DA:114,12
DA:115,0
DA:124,0
DA:128,12
DA:129,12
DA:131,12
DA:133,12
DA:134,12
DA:135,0
DA:139,12
DA:140,4
DA:141,4
DA:144,8
DA:145,8
DA:148,8
DA:150,8
DA:151,4
DA:156,0
DA:160,12
DA:161,12
DA:163,12
DA:165,12
DA:166,12
DA:169,12
DA:170,12
DA:173,12
DA:175,12
DA:176,8
DA:180,0
DA:184,12
DA:185,12
DA:186,12
DA:187,12
DA:190,12
DA:191,6
DA:204,4
DA:207,0
DA:208,0
DA:215,2
DA:219,2
DA:220,2
DA:227,2
DA:228,1
DA:230,1
DA:232,0
DA:236,1
DA:239,0
DA:241,0
DA:248,2
DA:253,2
DA:254,2
DA:263,2
DA:264,1
DA:265,1
DA:268,1
DA:271,0
DA:272,0
DA:283,2
DA:287,0
DA:289,0
DA:295,0
DA:296,0
DA:297,0
DA:301,0
DA:303,0
DA:305,0
DA:321,0
DA:328,0
DA:330,0
DA:331,0
DA:335,0
DA:338,0
DA:339,0
LF:98
LH:66
BRDA:41,0,0,3
BRDA:46,1,0,3
BRDA:47,2,0,4
BRDA:48,3,0,4
BRDA:49,4,0,5
BRDA:54,5,0,1
BRDA:61,6,0,0
BRDA:61,7,0,1
BRDA:61,7,1,1
BRDA:75,8,0,1
BRDA:75,8,1,0
BRDA:76,9,0,1
BRDA:76,9,1,0
BRDA:85,10,0,5
BRDA:91,11,0,0
BRDA:91,12,0,5
BRDA:91,12,1,5
BRDA:100,13,0,5
BRDA:100,13,1,0
BRDA:101,14,0,5
BRDA:101,14,1,0
BRDA:104,15,0,1
BRDA:104,16,0,5
BRDA:104,16,1,1
BRDA:114,17,0,0
BRDA:131,18,0,12
BRDA:131,18,1,0
BRDA:133,19,0,12
BRDA:133,19,1,0
BRDA:134,20,0,0
BRDA:134,21,0,12
BRDA:134,21,1,12
BRDA:139,22,0,4
BRDA:139,22,1,8
BRDA:150,23,0,4
BRDA:163,24,0,12
BRDA:163,24,1,0
BRDA:166,25,0,12
BRDA:175,26,0,8
BRDA:190,27,0,6
BRDA:227,28,0,1
BRDA:228,29,0,1
BRDA:263,30,0,1
BRDA:293,31,0,0
BRDA:293,31,1,0
BRDA:295,32,0,0
BRDA:295,33,0,0
BRDA:295,33,1,0
BRDA:295,33,2,0
BRDA:314,34,0,0
BRDA:314,34,1,0
BRDA:315,35,0,0
BRDA:315,35,1,0
BRDA:330,36,0,0
BRF:54
BRH:32
end_of_record
TN:
SF:src/services/notificationOrchestrator.ts
FN:37,getLastCheckTimestamp
FN:61,updateLastCheckTimestamp
FN:102,fetchNewOpportunities
FN:119,(anonymous_3)
FN:145,fetchDeadlinePrograms
FN:166,orchestrateNotificationProcessing
FN:315,initializeNotificationSystem
FNF:7
FNH:0
FNDA:0,getLastCheckTimestamp
FNDA:0,updateLastCheckTimestamp
FNDA:0,fetchNewOpportunities
FNDA:0,(anonymous_3)
FNDA:0,fetchDeadlinePrograms
FNDA:0,orchestrateNotificationProcessing
FNDA:0,initializeNotificationSystem
DA:1,0
DA:3,0
DA:4,0
DA:5,0
DA:6,0
DA:38,0
DA:39,0
DA:45,0
DA:46,0
DA:47,0
DA:50,0
DA:53,0
DA:54,0
DA:62,0
DA:64,0
DA:70,0
DA:72,0
DA:73,0
DA:74,0
DA:78,0
DA:86,0
DA:87,0
DA:88,0
DA:91,0
DA:94,0
DA:95,0
DA:105,0
DA:107,0
DA:112,0
DA:115,0
DA:117,0
DA:118,0
DA:119,0
DA:120,0
DA:122,0
DA:123,0
DA:124,0
DA:126,0
DA:127,0
DA:132,0
DA:134,0
DA:137,0
DA:138,0
DA:146,0
DA:148,0
DA:151,0
DA:153,0
DA:155,0
DA:158,0
DA:159,0
DA:166,0
DA:170,0
DA:179,0
DA:182,0
DA:194,0
DA:196,0
DA:197,0
DA:200,0
DA:201,0
DA:204,0
DA:205,0
DA:206,0
DA:208,0
DA:210,0
DA:213,0
DA:214,0
DA:215,0
DA:217,0
DA:219,0
DA:221,0
DA:227,0
DA:228,0
DA:229,0
DA:231,0
DA:233,0
DA:236,0
DA:241,0
DA:242,0
DA:245,0
DA:246,0
DA:248,0
DA:250,0
DA:253,0
DA:254,0
DA:255,0
DA:257,0
DA:259,0
DA:261,0
DA:267,0
DA:268,0
DA:269,0
DA:271,0
DA:273,0
DA:276,0
DA:281,0
DA:282,0
DA:285,0
DA:286,0
DA:287,0
DA:289,0
DA:293,0
DA:294,0
DA:295,0
DA:299,0
DA:300,0
DA:301,0
DA:304,0
DA:305,0
DA:308,0
DA:315,0
DA:316,0
DA:318,0
DA:321,0
DA:322,0
DA:323,0
DA:326,0
DA:328,0
DA:331,0
DA:332,0
DA:333,0
DA:334,0
DA:335,0
DA:337,0
DA:339,0
DA:340,0
LF:125
LH:0
BRDA:45,0,0,0
BRDA:45,1,0,0
BRDA:45,1,1,0
BRDA:70,2,0,0
BRDA:70,3,0,0
BRDA:70,3,1,0
BRDA:86,4,0,0
BRDA:117,5,0,0
BRDA:120,6,0,0
BRDA:132,7,0,0
BRDA:132,7,1,0
BRDA:167,8,0,0
BRDA:174,9,0,0
BRDA:175,10,0,0
BRDA:176,11,0,0
BRDA:177,12,0,0
BRDA:178,13,0,0
BRDA:197,14,0,0
BRDA:197,14,1,0
BRDA:200,15,0,0
BRDA:208,16,0,0
BRDA:208,16,1,0
BRDA:219,17,0,0
BRDA:219,17,1,0
BRDA:241,18,0,0
BRDA:248,19,0,0
BRDA:248,19,1,0
BRDA:259,20,0,0
BRDA:259,20,1,0
BRDA:281,21,0,0
BRDA:294,22,0,0
BRDA:301,23,0,0
BRDA:301,23,1,0
BRDA:321,24,0,0
BRDA:333,25,0,0
BRF:35
BRH:0
end_of_record
TN:
SF:src/services/notificationTaskProcessor.ts
FN:21,processTask
FN:60,processInitTask
FN:117,processFetchTask
FN:191,processMatchTask
FN:256,processGenerateTask
FN:317,processSendTask
FN:347,processCleanupTask
FN:387,getLastCheckTimestamp
FN:411,updateLastCheckTimestamp
FN:438,fetchNewOpportunities
FN:451,(anonymous_10)
FN:475,fetchDeadlinePrograms
FN:493,processNextTask
FNF:13
FNH:0
FNDA:0,processTask
FNDA:0,processInitTask
FNDA:0,processFetchTask
FNDA:0,processMatchTask
FNDA:0,processGenerateTask
FNDA:0,processSendTask
FNDA:0,processCleanupTask
FNDA:0,getLastCheckTimestamp
FNDA:0,updateLastCheckTimestamp
FNDA:0,fetchNewOpportunities
FNDA:0,(anonymous_10)
FNDA:0,fetchDeadlinePrograms
FNDA:0,processNextTask
DA:1,0
DA:11,0
DA:13,0
DA:14,0
DA:15,0
DA:16,0
DA:21,0
DA:22,0
DA:24,0
DA:27,0
DA:29,0
DA:31,0
DA:33,0
DA:35,0
DA:37,0
DA:39,0
DA:41,0
DA:47,0
DA:50,0
DA:51,0
DA:52,0
DA:53,0
DA:61,0
DA:62,0
DA:65,0
DA:75,0
DA:85,0
DA:94,0
DA:105,0
DA:107,0
DA:108,0
DA:109,0
DA:110,0
DA:118,0
DA:119,0
DA:121,0
DA:122,0
DA:123,0
DA:126,0
DA:128,0
DA:130,0
DA:133,0
DA:134,0
DA:137,0
DA:139,0
DA:141,0
DA:142,0
DA:146,0
DA:148,0
DA:158,0
DA:169,0
DA:179,0
DA:181,0
DA:182,0
DA:183,0
DA:184,0
DA:192,0
DA:193,0
DA:195,0
DA:196,0
DA:197,0
DA:201,0
DA:204,0
DA:205,0
DA:206,0
DA:209,0
DA:211,0
DA:221,0
DA:233,0
DA:244,0
DA:246,0
DA:247,0
DA:248,0
DA:249,0
DA:257,0
DA:258,0
DA:260,0
DA:261,0
DA:262,0
DA:266,0
DA:271,0
DA:273,0
DA:282,0
DA:294,0
DA:305,0
DA:307,0
DA:308,0
DA:309,0
DA:310,0
DA:318,0
DA:319,0
DA:322,0
DA:324,0
DA:335,0
DA:337,0
DA:338,0
DA:339,0
DA:340,0
DA:348,0
DA:349,0
DA:352,0
DA:355,0
DA:356,0
DA:359,0
DA:366,0
DA:375,0
DA:377,0
DA:378,0
DA:379,0
DA:380,0
DA:388,0
DA:389,0
DA:395,0
DA:396,0
DA:397,0
DA:400,0
DA:403,0
DA:404,0
DA:412,0
DA:414,0
DA:422,0
DA:423,0
DA:424,0
DA:427,0
DA:430,0
DA:431,0
DA:441,0
DA:444,0
DA:445,0
DA:447,0
DA:449,0
DA:450,0
DA:451,0
DA:452,0
DA:454,0
DA:455,0
DA:456,0
DA:458,0
DA:459,0
DA:464,0
DA:467,0
DA:468,0
DA:476,0
DA:478,0
DA:479,0
DA:481,0
DA:484,0
DA:485,0
DA:493,0
DA:501,0
DA:503,0
DA:505,0
DA:506,0
DA:515,0
DA:517,0
DA:523,0
DA:524,0
LF:157
LH:0
BRDA:27,0,0,0
BRDA:27,0,1,0
BRDA:27,0,2,0
BRDA:27,0,3,0
BRDA:27,0,4,0
BRDA:27,0,5,0
BRDA:27,0,6,0
BRDA:51,1,0,0
BRDA:51,1,1,0
BRDA:108,2,0,0
BRDA:108,2,1,0
BRDA:119,3,0,0
BRDA:119,3,1,0
BRDA:121,4,0,0
BRDA:128,5,0,0
BRDA:128,5,1,0
BRDA:137,6,0,0
BRDA:137,6,1,0
BRDA:139,7,0,0
BRDA:146,8,0,0
BRDA:146,8,1,0
BRDA:152,9,0,0
BRDA:152,9,1,0
BRDA:153,10,0,0
BRDA:153,10,1,0
BRDA:182,11,0,0
BRDA:182,11,1,0
BRDA:193,12,0,0
BRDA:193,12,1,0
BRDA:195,13,0,0
BRDA:195,14,0,0
BRDA:195,14,1,0
BRDA:209,15,0,0
BRDA:209,15,1,0
BRDA:247,16,0,0
BRDA:247,16,1,0
BRDA:258,17,0,0
BRDA:258,17,1,0
BRDA:260,18,0,0
BRDA:260,19,0,0
BRDA:260,19,1,0
BRDA:271,20,0,0
BRDA:271,20,1,0
BRDA:308,21,0,0
BRDA:308,21,1,0
BRDA:319,22,0,0
BRDA:319,22,1,0
BRDA:322,23,0,0
BRDA:322,23,1,0
BRDA:338,24,0,0
BRDA:338,24,1,0
BRDA:349,25,0,0
BRDA:349,25,1,0
BRDA:352,26,0,0
BRDA:352,26,1,0
BRDA:370,27,0,0
BRDA:370,27,1,0
BRDA:378,28,0,0
BRDA:378,28,1,0
BRDA:395,29,0,0
BRDA:395,30,0,0
BRDA:395,30,1,0
BRDA:422,31,0,0
BRDA:449,32,0,0
BRDA:452,33,0,0
BRDA:505,34,0,0
BRDA:508,35,0,0
BRDA:508,35,1,0
BRDA:526,36,0,0
BRDA:526,36,1,0
BRF:70
BRH:0
end_of_record
TN:
SF:src/services/notificationTaskService.ts
FN:46,initializeTaskSystem
FN:105,createTask
FN:140,getNextPendingTask
FN:174,updateTaskStatus
FN:226,markTaskForRetry
FN:276,resetRetryTasks
FN:302,getChildTasks
FN:325,cleanupOldTasks
FNF:8
FNH:4
FNDA:3,initializeTaskSystem
FNDA:3,createTask
FNDA:3,getNextPendingTask
FNDA:3,updateTaskStatus
FNDA:0,markTaskForRetry
FNDA:0,resetRetryTasks
FNDA:0,getChildTasks
FNDA:0,cleanupOldTasks
DA:1,1
DA:46,1
DA:47,3
DA:49,3
DA:55,3
DA:56,1
DA:57,1
DA:61,2
DA:63,2
DA:64,1
DA:67,1
DA:86,1
DA:88,1
DA:89,0
DA:90,0
DA:94,2
DA:95,2
DA:97,0
DA:98,0
DA:105,1
DA:110,3
DA:111,3
DA:119,3
DA:125,3
DA:126,1
DA:127,1
DA:130,2
DA:132,0
DA:133,0
DA:140,1
DA:143,3
DA:144,3
DA:151,3
DA:152,1
DA:155,3
DA:157,3
DA:158,1
DA:159,0
DA:161,1
DA:164,2
DA:166,0
DA:167,0
DA:174,1
DA:180,3
DA:181,3
DA:187,3
DA:188,1
DA:192,3
DA:193,2
DA:197,3
DA:198,1
DA:202,3
DA:203,1
DA:206,3
DA:211,3
DA:212,0
DA:213,0
DA:216,3
DA:218,0
DA:219,0
DA:226,1
DA:231,0
DA:233,0
DA:239,0
DA:240,0
DA:241,0
DA:244,0
DA:245,0
DA:248,0
DA:250,0
DA:260,0
DA:261,0
DA:262,0
DA:265,0
DA:267,0
DA:268,0
DA:276,1
DA:277,0
DA:278,0
DA:287,0
DA:288,0
DA:289,0
DA:292,0
DA:294,0
DA:295,0
DA:302,1
DA:303,0
DA:304,0
DA:310,0
DA:311,0
DA:312,0
DA:315,0
DA:317,0
DA:318,0
DA:325,1
DA:326,0
DA:327,0
DA:328,0
DA:330,0
DA:337,0
DA:338,0
DA:339,0
DA:342,0
DA:344,0
DA:345,0
LF:105
LH:51
BRDA:55,0,0,1
BRDA:63,1,0,1
BRDA:88,2,0,0
BRDA:107,3,0,0
BRDA:116,4,0,3
BRDA:116,4,1,2
BRDA:125,5,0,1
BRDA:151,6,0,1
BRDA:157,7,0,1
BRDA:158,8,0,0
BRDA:187,9,0,1
BRDA:192,10,0,2
BRDA:197,11,0,1
BRDA:202,12,0,1
BRDA:211,13,0,0
BRDA:229,14,0,0
BRDA:239,15,0,0
BRDA:244,16,0,0
BRDA:244,16,1,0
BRDA:248,17,0,0
BRDA:248,17,1,0
BRDA:260,18,0,0
BRDA:287,19,0,0
BRDA:292,20,0,0
BRDA:292,20,1,0
BRDA:310,21,0,0
BRDA:315,22,0,0
BRDA:315,22,1,0
BRDA:325,23,0,0
BRDA:337,24,0,0
BRDA:342,25,0,0
BRDA:342,25,1,0
BRF:32
BRH:11
end_of_record
