TN:
SF:src/services/notificationGenerationService.ts
FN:36,generateNotifications
FN:37,(anonymous_8)
FN:67,(anonymous_9)
FN:156,queueNotifications
FN:157,(anonymous_11)
FN:203,processMatchesIntoNotifications
FN:204,(anonymous_13)
FN:245,processGroupedMatchesIntoNotifications
FN:246,(anonymous_15)
FNF:9
FNH:0
FNDA:0,generateNotifications
FNDA:0,(anonymous_8)
FNDA:0,(anonymous_9)
FNDA:0,queueNotifications
FNDA:0,(anonymous_11)
FNDA:0,processMatchesIntoNotifications
FNDA:0,(anonymous_13)
FNDA:0,processGroupedMatchesIntoNotifications
FNDA:0,(anonymous_15)
DA:4,0
DA:36,0
DA:37,0
DA:40,0
DA:48,0
DA:51,0
DA:53,0
DA:54,0
DA:55,0
DA:58,0
DA:61,0
DA:64,0
DA:66,0
DA:67,0
DA:71,0
DA:72,0
DA:75,0
DA:77,0
DA:78,0
DA:84,0
DA:85,0
DA:88,0
DA:89,0
DA:92,0
DA:93,0
DA:97,0
DA:98,0
DA:102,0
DA:103,0
DA:107,0
DA:108,0
DA:109,0
DA:114,0
DA:115,0
DA:116,0
DA:118,0
DA:119,0
DA:122,0
DA:123,0
DA:126,0
DA:130,0
DA:141,0
DA:144,0
DA:145,0
DA:156,0
DA:157,0
DA:160,0
DA:161,0
DA:162,0
DA:165,0
DA:167,0
DA:170,0
DA:179,0
DA:180,0
DA:182,0
DA:183,0
DA:187,0
DA:190,0
DA:191,0
DA:203,0
DA:204,0
DA:208,0
DA:210,0
DA:211,0
DA:215,0
DA:218,0
DA:219,0
DA:223,0
DA:225,0
DA:232,0
DA:233,0
DA:245,0
DA:246,0
DA:250,0
DA:251,0
DA:252,0
DA:253,0
DA:256,0
DA:257,0
DA:259,0
DA:265,0
DA:266,0
DA:267,0
DA:270,0
DA:277,0
DA:278,0
LF:86
LH:0
BRDA:38,0,0,0
BRDA:43,1,0,0
BRDA:44,2,0,0
BRDA:45,3,0,0
BRDA:46,4,0,0
BRDA:47,5,0,0
BRDA:54,6,0,0
BRDA:77,7,0,0
BRDA:77,8,0,0
BRDA:77,8,1,0
BRDA:78,9,0,0
BRDA:78,9,1,0
BRDA:84,10,0,0
BRDA:88,11,0,0
BRDA:88,11,1,0
BRDA:88,11,2,0
BRDA:88,12,0,0
BRDA:88,12,1,0
BRDA:88,13,0,0
BRDA:88,13,1,0
BRDA:92,14,0,0
BRDA:97,15,0,0
BRDA:102,16,0,0
BRDA:107,17,0,0
BRDA:108,18,0,0
BRDA:108,18,1,0
BRDA:114,19,0,0
BRDA:114,20,0,0
BRDA:114,20,1,0
BRDA:114,20,2,0
BRDA:115,21,0,0
BRDA:115,21,1,0
BRDA:118,22,0,0
BRDA:122,23,0,0
BRDA:135,24,0,0
BRDA:135,24,1,0
BRDA:158,25,0,0
BRDA:167,26,0,0
BRDA:167,26,1,0
BRDA:179,27,0,0
BRDA:179,27,1,0
BRDA:205,28,0,0
BRDA:206,29,0,0
BRDA:210,30,0,0
BRDA:210,31,0,0
BRDA:210,31,1,0
BRDA:218,32,0,0
BRDA:247,33,0,0
BRDA:248,34,0,0
BRF:49
BRH:0
end_of_record
TN:
SF:src/services/notificationMatchingService.ts
FN:37,matchUserPreferencesWithOpportunities
FN:38,(anonymous_8)
FN:92,(anonymous_9)
FN:144,(anonymous_10)
FN:145,(anonymous_11)
FN:169,(anonymous_12)
FN:170,(anonymous_13)
FN:204,(anonymous_14)
FN:215,checkIfNotificationSent
FN:248,recordSentNotification
FN:283,matchOpportunitiesWithUsers
FN:328,(anonymous_21)
FNF:12
FNH:0
FNDA:0,matchUserPreferencesWithOpportunities
FNDA:0,(anonymous_8)
FNDA:0,(anonymous_9)
FNDA:0,(anonymous_10)
FNDA:0,(anonymous_11)
FNDA:0,(anonymous_12)
FNDA:0,(anonymous_13)
FNDA:0,(anonymous_14)
FNDA:0,checkIfNotificationSent
FNDA:0,recordSentNotification
FNDA:0,matchOpportunitiesWithUsers
FNDA:0,(anonymous_21)
DA:1,0
DA:37,0
DA:38,0
DA:43,0
DA:50,0
DA:53,0
DA:54,0
DA:55,0
DA:61,0
DA:62,0
DA:63,0
DA:66,0
DA:83,0
DA:85,0
DA:86,0
DA:91,0
DA:92,0
DA:93,0
DA:94,0
DA:100,0
DA:101,0
DA:104,0
DA:105,0
DA:106,0
DA:110,0
DA:112,0
DA:114,0
DA:115,0
DA:124,0
DA:128,0
DA:129,0
DA:131,0
DA:133,0
DA:134,0
DA:135,0
DA:139,0
DA:140,0
DA:141,0
DA:144,0
DA:145,0
DA:148,0
DA:150,0
DA:151,0
DA:156,0
DA:160,0
DA:161,0
DA:163,0
DA:165,0
DA:166,0
DA:169,0
DA:170,0
DA:173,0
DA:175,0
DA:176,0
DA:180,0
DA:184,0
DA:185,0
DA:186,0
DA:187,0
DA:190,0
DA:191,0
DA:204,0
DA:207,0
DA:208,0
DA:215,0
DA:219,0
DA:220,0
DA:227,0
DA:228,0
DA:230,0
DA:232,0
DA:236,0
DA:239,0
DA:241,0
DA:248,0
DA:253,0
DA:254,0
DA:263,0
DA:264,0
DA:265,0
DA:268,0
DA:271,0
DA:272,0
DA:283,0
DA:287,0
DA:289,0
DA:295,0
DA:296,0
DA:297,0
DA:301,0
DA:303,0
DA:305,0
DA:321,0
DA:328,0
DA:330,0
DA:331,0
DA:335,0
DA:338,0
DA:339,0
LF:99
LH:0
BRDA:41,0,0,0
BRDA:46,1,0,0
BRDA:47,2,0,0
BRDA:48,3,0,0
BRDA:49,4,0,0
BRDA:54,5,0,0
BRDA:61,6,0,0
BRDA:61,7,0,0
BRDA:61,7,1,0
BRDA:75,8,0,0
BRDA:75,8,1,0
BRDA:76,9,0,0
BRDA:76,9,1,0
BRDA:85,10,0,0
BRDA:91,11,0,0
BRDA:91,12,0,0
BRDA:91,12,1,0
BRDA:100,13,0,0
BRDA:100,13,1,0
BRDA:101,14,0,0
BRDA:101,14,1,0
BRDA:104,15,0,0
BRDA:104,16,0,0
BRDA:104,16,1,0
BRDA:114,17,0,0
BRDA:131,18,0,0
BRDA:131,18,1,0
BRDA:133,19,0,0
BRDA:133,19,1,0
BRDA:134,20,0,0
BRDA:134,21,0,0
BRDA:134,21,1,0
BRDA:139,22,0,0
BRDA:139,22,1,0
BRDA:150,23,0,0
BRDA:163,24,0,0
BRDA:163,24,1,0
BRDA:166,25,0,0
BRDA:175,26,0,0
BRDA:190,27,0,0
BRDA:227,28,0,0
BRDA:228,29,0,0
BRDA:263,30,0,0
BRDA:293,31,0,0
BRDA:293,31,1,0
BRDA:295,32,0,0
BRDA:295,33,0,0
BRDA:295,33,1,0
BRDA:295,33,2,0
BRDA:314,34,0,0
BRDA:314,34,1,0
BRDA:315,35,0,0
BRDA:315,35,1,0
BRDA:330,36,0,0
BRF:54
BRH:0
end_of_record
TN:
SF:src/services/notificationOrchestrator.ts
FN:37,getLastCheckTimestamp
FN:61,updateLastCheckTimestamp
FN:102,fetchNewOpportunities
FN:119,(anonymous_13)
FN:145,fetchDeadlinePrograms
FN:166,orchestrateNotificationProcessing
FN:167,(anonymous_17)
FN:315,initializeNotificationSystem
FNF:8
FNH:0
FNDA:0,getLastCheckTimestamp
FNDA:0,updateLastCheckTimestamp
FNDA:0,fetchNewOpportunities
FNDA:0,(anonymous_13)
FNDA:0,fetchDeadlinePrograms
FNDA:0,orchestrateNotificationProcessing
FNDA:0,(anonymous_17)
FNDA:0,initializeNotificationSystem
DA:1,0
DA:3,0
DA:4,0
DA:5,0
DA:6,0
DA:38,0
DA:39,0
DA:45,0
DA:46,0
DA:47,0
DA:50,0
DA:53,0
DA:54,0
DA:62,0
DA:64,0
DA:70,0
DA:72,0
DA:73,0
DA:74,0
DA:78,0
DA:86,0
DA:87,0
DA:88,0
DA:91,0
DA:94,0
DA:95,0
DA:105,0
DA:107,0
DA:112,0
DA:115,0
DA:117,0
DA:118,0
DA:119,0
DA:120,0
DA:122,0
DA:123,0
DA:124,0
DA:126,0
DA:127,0
DA:132,0
DA:134,0
DA:137,0
DA:138,0
DA:146,0
DA:148,0
DA:151,0
DA:153,0
DA:155,0
DA:158,0
DA:159,0
DA:166,0
DA:167,0
DA:170,0
DA:179,0
DA:182,0
DA:194,0
DA:196,0
DA:197,0
DA:200,0
DA:201,0
DA:204,0
DA:205,0
DA:206,0
DA:208,0
DA:210,0
DA:213,0
DA:214,0
DA:215,0
DA:217,0
DA:219,0
DA:221,0
DA:227,0
DA:228,0
DA:229,0
DA:231,0
DA:233,0
DA:236,0
DA:241,0
DA:242,0
DA:245,0
DA:246,0
DA:248,0
DA:250,0
DA:253,0
DA:254,0
DA:255,0
DA:257,0
DA:259,0
DA:261,0
DA:267,0
DA:268,0
DA:269,0
DA:271,0
DA:273,0
DA:276,0
DA:281,0
DA:282,0
DA:285,0
DA:286,0
DA:287,0
DA:289,0
DA:293,0
DA:294,0
DA:295,0
DA:299,0
DA:300,0
DA:301,0
DA:304,0
DA:305,0
DA:308,0
DA:315,0
DA:316,0
DA:318,0
DA:321,0
DA:322,0
DA:323,0
DA:326,0
DA:328,0
DA:331,0
DA:332,0
DA:333,0
DA:334,0
DA:335,0
DA:337,0
DA:339,0
DA:340,0
LF:126
LH:0
BRDA:45,0,0,0
BRDA:45,1,0,0
BRDA:45,1,1,0
BRDA:70,2,0,0
BRDA:70,3,0,0
BRDA:70,3,1,0
BRDA:86,4,0,0
BRDA:117,5,0,0
BRDA:120,6,0,0
BRDA:132,7,0,0
BRDA:132,7,1,0
BRDA:167,8,0,0
BRDA:174,9,0,0
BRDA:175,10,0,0
BRDA:176,11,0,0
BRDA:177,12,0,0
BRDA:178,13,0,0
BRDA:197,14,0,0
BRDA:197,14,1,0
BRDA:200,15,0,0
BRDA:208,16,0,0
BRDA:208,16,1,0
BRDA:219,17,0,0
BRDA:219,17,1,0
BRDA:241,18,0,0
BRDA:248,19,0,0
BRDA:248,19,1,0
BRDA:259,20,0,0
BRDA:259,20,1,0
BRDA:281,21,0,0
BRDA:294,22,0,0
BRDA:301,23,0,0
BRDA:301,23,1,0
BRDA:321,24,0,0
BRDA:333,25,0,0
BRF:35
BRH:0
end_of_record
TN:
SF:src/services/notificationTaskProcessor.ts
FN:21,processTask
FN:60,processInitTask
FN:117,processFetchTask
FN:191,processMatchTask
FN:256,processGenerateTask
FN:317,processSendTask
FN:347,processCleanupTask
FN:387,getLastCheckTimestamp
FN:411,updateLastCheckTimestamp
FN:438,fetchNewOpportunities
FN:451,(anonymous_27)
FN:475,fetchDeadlinePrograms
FN:493,processNextTask
FNF:13
FNH:0
FNDA:0,processTask
FNDA:0,processInitTask
FNDA:0,processFetchTask
FNDA:0,processMatchTask
FNDA:0,processGenerateTask
FNDA:0,processSendTask
FNDA:0,processCleanupTask
FNDA:0,getLastCheckTimestamp
FNDA:0,updateLastCheckTimestamp
FNDA:0,fetchNewOpportunities
FNDA:0,(anonymous_27)
FNDA:0,fetchDeadlinePrograms
FNDA:0,processNextTask
DA:1,0
DA:11,0
DA:13,0
DA:14,0
DA:15,0
DA:16,0
DA:21,0
DA:22,0
DA:24,0
DA:27,0
DA:29,0
DA:31,0
DA:33,0
DA:35,0
DA:37,0
DA:39,0
DA:41,0
DA:47,0
DA:50,0
DA:51,0
DA:52,0
DA:53,0
DA:61,0
DA:62,0
DA:65,0
DA:75,0
DA:85,0
DA:94,0
DA:105,0
DA:107,0
DA:108,0
DA:109,0
DA:110,0
DA:118,0
DA:119,0
DA:121,0
DA:122,0
DA:123,0
DA:126,0
DA:128,0
DA:130,0
DA:133,0
DA:134,0
DA:137,0
DA:139,0
DA:141,0
DA:142,0
DA:146,0
DA:148,0
DA:158,0
DA:169,0
DA:179,0
DA:181,0
DA:182,0
DA:183,0
DA:184,0
DA:192,0
DA:193,0
DA:195,0
DA:196,0
DA:197,0
DA:201,0
DA:204,0
DA:205,0
DA:206,0
DA:209,0
DA:211,0
DA:221,0
DA:233,0
DA:244,0
DA:246,0
DA:247,0
DA:248,0
DA:249,0
DA:257,0
DA:258,0
DA:260,0
DA:261,0
DA:262,0
DA:266,0
DA:271,0
DA:273,0
DA:282,0
DA:294,0
DA:305,0
DA:307,0
DA:308,0
DA:309,0
DA:310,0
DA:318,0
DA:319,0
DA:322,0
DA:324,0
DA:335,0
DA:337,0
DA:338,0
DA:339,0
DA:340,0
DA:348,0
DA:349,0
DA:352,0
DA:355,0
DA:356,0
DA:359,0
DA:366,0
DA:375,0
DA:377,0
DA:378,0
DA:379,0
DA:380,0
DA:388,0
DA:389,0
DA:395,0
DA:396,0
DA:397,0
DA:400,0
DA:403,0
DA:404,0
DA:412,0
DA:414,0
DA:422,0
DA:423,0
DA:424,0
DA:427,0
DA:430,0
DA:431,0
DA:441,0
DA:444,0
DA:445,0
DA:447,0
DA:449,0
DA:450,0
DA:451,0
DA:452,0
DA:454,0
DA:455,0
DA:456,0
DA:458,0
DA:459,0
DA:464,0
DA:467,0
DA:468,0
DA:476,0
DA:478,0
DA:479,0
DA:481,0
DA:484,0
DA:485,0
DA:493,0
DA:501,0
DA:503,0
DA:505,0
DA:506,0
DA:515,0
DA:517,0
DA:523,0
DA:524,0
LF:157
LH:0
BRDA:27,0,0,0
BRDA:27,0,1,0
BRDA:27,0,2,0
BRDA:27,0,3,0
BRDA:27,0,4,0
BRDA:27,0,5,0
BRDA:27,0,6,0
BRDA:51,1,0,0
BRDA:51,1,1,0
BRDA:98,2,0,0
BRDA:98,2,1,0
BRDA:98,3,0,0
BRDA:98,3,1,0
BRDA:99,4,0,0
BRDA:99,4,1,0
BRDA:99,5,0,0
BRDA:99,5,1,0
BRDA:100,6,0,0
BRDA:100,6,1,0
BRDA:100,7,0,0
BRDA:100,7,1,0
BRDA:108,8,0,0
BRDA:108,8,1,0
BRDA:119,9,0,0
BRDA:119,9,1,0
BRDA:121,10,0,0
BRDA:128,11,0,0
BRDA:128,11,1,0
BRDA:137,12,0,0
BRDA:137,12,1,0
BRDA:139,13,0,0
BRDA:146,14,0,0
BRDA:146,14,1,0
BRDA:152,15,0,0
BRDA:152,15,1,0
BRDA:153,16,0,0
BRDA:153,16,1,0
BRDA:163,17,0,0
BRDA:163,17,1,0
BRDA:163,18,0,0
BRDA:163,18,1,0
BRDA:182,19,0,0
BRDA:182,19,1,0
BRDA:193,20,0,0
BRDA:193,20,1,0
BRDA:195,21,0,0
BRDA:195,22,0,0
BRDA:195,22,1,0
BRDA:209,23,0,0
BRDA:209,23,1,0
BRDA:227,24,0,0
BRDA:227,24,1,0
BRDA:227,25,0,0
BRDA:227,25,1,0
BRDA:247,26,0,0
BRDA:247,26,1,0
BRDA:258,27,0,0
BRDA:258,27,1,0
BRDA:260,28,0,0
BRDA:260,29,0,0
BRDA:260,29,1,0
BRDA:271,30,0,0
BRDA:271,30,1,0
BRDA:288,31,0,0
BRDA:288,31,1,0
BRDA:288,32,0,0
BRDA:288,32,1,0
BRDA:308,33,0,0
BRDA:308,33,1,0
BRDA:319,34,0,0
BRDA:319,34,1,0
BRDA:322,35,0,0
BRDA:322,35,1,0
BRDA:338,36,0,0
BRDA:338,36,1,0
BRDA:349,37,0,0
BRDA:349,37,1,0
BRDA:352,38,0,0
BRDA:352,38,1,0
BRDA:370,39,0,0
BRDA:370,39,1,0
BRDA:378,40,0,0
BRDA:378,40,1,0
BRDA:395,41,0,0
BRDA:395,42,0,0
BRDA:395,42,1,0
BRDA:422,43,0,0
BRDA:449,44,0,0
BRDA:452,45,0,0
BRDA:505,46,0,0
BRDA:508,47,0,0
BRDA:508,47,1,0
BRDA:526,48,0,0
BRDA:526,48,1,0
BRF:94
BRH:0
end_of_record
TN:
SF:src/services/notificationTaskService.ts
FN:46,initializeTaskSystem
FN:105,createTask
FN:106,(anonymous_10)
FN:140,getNextPendingTask
FN:174,updateTaskStatus
FN:226,markTaskForRetry
FN:227,(anonymous_16)
FN:276,resetRetryTasks
FN:302,getChildTasks
FN:325,cleanupOldTasks
FN:325,(anonymous_22)
FNF:11
FNH:0
FNDA:0,initializeTaskSystem
FNDA:0,createTask
FNDA:0,(anonymous_10)
FNDA:0,getNextPendingTask
FNDA:0,updateTaskStatus
FNDA:0,markTaskForRetry
FNDA:0,(anonymous_16)
FNDA:0,resetRetryTasks
FNDA:0,getChildTasks
FNDA:0,cleanupOldTasks
FNDA:0,(anonymous_22)
DA:1,0
DA:46,0
DA:47,0
DA:49,0
DA:55,0
DA:56,0
DA:57,0
DA:61,0
DA:63,0
DA:64,0
DA:67,0
DA:86,0
DA:88,0
DA:89,0
DA:90,0
DA:94,0
DA:95,0
DA:97,0
DA:98,0
DA:105,0
DA:106,0
DA:110,0
DA:111,0
DA:119,0
DA:125,0
DA:126,0
DA:127,0
DA:130,0
DA:132,0
DA:133,0
DA:140,0
DA:143,0
DA:144,0
DA:151,0
DA:152,0
DA:155,0
DA:157,0
DA:158,0
DA:159,0
DA:161,0
DA:164,0
DA:166,0
DA:167,0
DA:174,0
DA:180,0
DA:181,0
DA:187,0
DA:188,0
DA:192,0
DA:193,0
DA:197,0
DA:198,0
DA:202,0
DA:203,0
DA:206,0
DA:211,0
DA:212,0
DA:213,0
DA:216,0
DA:218,0
DA:219,0
DA:226,0
DA:227,0
DA:231,0
DA:233,0
DA:239,0
DA:240,0
DA:241,0
DA:244,0
DA:245,0
DA:248,0
DA:250,0
DA:260,0
DA:261,0
DA:262,0
DA:265,0
DA:267,0
DA:268,0
DA:276,0
DA:277,0
DA:278,0
DA:287,0
DA:288,0
DA:289,0
DA:292,0
DA:294,0
DA:295,0
DA:302,0
DA:303,0
DA:304,0
DA:310,0
DA:311,0
DA:312,0
DA:315,0
DA:317,0
DA:318,0
DA:325,0
DA:326,0
DA:327,0
DA:328,0
DA:330,0
DA:337,0
DA:338,0
DA:339,0
DA:342,0
DA:344,0
DA:345,0
LF:107
LH:0
BRDA:55,0,0,0
BRDA:63,1,0,0
BRDA:88,2,0,0
BRDA:107,3,0,0
BRDA:116,4,0,0
BRDA:116,4,1,0
BRDA:125,5,0,0
BRDA:151,6,0,0
BRDA:157,7,0,0
BRDA:158,8,0,0
BRDA:187,9,0,0
BRDA:192,10,0,0
BRDA:197,11,0,0
BRDA:202,12,0,0
BRDA:211,13,0,0
BRDA:229,14,0,0
BRDA:239,15,0,0
BRDA:244,16,0,0
BRDA:244,16,1,0
BRDA:248,17,0,0
BRDA:248,17,1,0
BRDA:260,18,0,0
BRDA:287,19,0,0
BRDA:292,20,0,0
BRDA:292,20,1,0
BRDA:292,21,0,0
BRDA:292,21,1,0
BRDA:292,22,0,0
BRDA:292,22,1,0
BRDA:310,23,0,0
BRDA:315,24,0,0
BRDA:315,24,1,0
BRDA:325,25,0,0
BRDA:337,26,0,0
BRDA:342,27,0,0
BRDA:342,27,1,0
BRDA:342,28,0,0
BRDA:342,28,1,0
BRDA:342,29,0,0
BRDA:342,29,1,0
BRF:40
BRH:0
end_of_record
